#
# There is insufficient memory for the Java Runtime Environment to continue.
# Native memory allocation (malloc) failed to allocate 1112336 bytes for Chunk::new
# Possible reasons:
#   The system is out of physical RAM or swap space
#   The process is running with CompressedOops enabled, and the Java Heap may be blocking the growth of the native heap
# Possible solutions:
#   Reduce memory load on the system
#   Increase physical memory or swap space
#   Check if swap backing store is full
#   Decrease Java heap size (-Xmx/-Xms)
#   Decrease number of Java threads
#   Decrease Java thread stack sizes (-Xss)
#   Set larger code cache with -XX:ReservedCodeCacheSize=
#   JVM is running with Zero Based Compressed Oops mode in which the Java heap is
#     placed in the first 32GB address space. The Java Heap base address is the
#     maximum limit for the native heap growth. Please use -XX:HeapBaseMinAddress
#     to set the Java Heap base and to place the Java Heap above 32GB virtual address.
# This output file may be truncated or incomplete.
#
#  Out of Memory Error (arena.cpp:189), pid=40984, tid=41560
#
# JRE version: OpenJDK Runtime Environment (17.0.2+8) (build 17.0.2+8-86)
# Java VM: OpenJDK 64-Bit Server VM (17.0.2+8-86, mixed mode, sharing, tiered, compressed oops, compressed class ptrs, g1 gc, windows-amd64)
# No core dump will be written. Minidumps are not enabled by default on client versions of Windows
#

---------------  S U M M A R Y ------------

Command Line: -javaagent:C:\Program Files\JetBrains\IntelliJ IDEA Community Edition 2021.3.2\lib\idea_rt.jar=56665:C:\Program Files\JetBrains\IntelliJ IDEA Community Edition 2021.3.2\bin -Dfile.encoding=UTF-8 com.example.demo.LikeServiceApplication

Host: 11th Gen Intel(R) Core(TM) i7-1165G7 @ 2.80GHz, 8 cores, 15G,  Windows 10 , 64 bit Build 19041 (10.0.19041.1466)
Time: Sun Apr  3 21:30:21 2022 India Standard Time elapsed time: 4.715990 seconds (0d 0h 0m 4s)

---------------  T H R E A D  ---------------

Current thread (0x0000023e2078f3c0):  JavaThread "C2 CompilerThread0" daemon [_thread_in_native, id=41560, stack(0x000000d856400000,0x000000d856500000)]


Current CompileTask:
C2:   4716 1565       4       org.springframework.boot.context.properties.source.ConfigurationPropertyName$ElementsParser::parse (234 bytes)

Stack: [0x000000d856400000,0x000000d856500000]
Native frames: (J=compiled Java code, j=interpreted, Vv=VM code, C=native code)
V  [jvm.dll+0x670baa]
V  [jvm.dll+0x7cfcb4]
V  [jvm.dll+0x7d145e]
V  [jvm.dll+0x7d1ac3]
V  [jvm.dll+0x242bc5]
V  [jvm.dll+0xaa57b]
V  [jvm.dll+0xaab0c]
V  [jvm.dll+0x35fcb2]
V  [jvm.dll+0x32a331]
V  [jvm.dll+0x3297da]
V  [jvm.dll+0x215c91]
V  [jvm.dll+0x2150b1]
V  [jvm.dll+0x1a1bbd]
V  [jvm.dll+0x224908]
V  [jvm.dll+0x222a6c]
V  [jvm.dll+0x7859bb]
V  [jvm.dll+0x77ff7a]
V  [jvm.dll+0x66fa35]
C  [ucrtbase.dll+0x21bb2]
C  [KERNEL32.DLL+0x17034]
C  [ntdll.dll+0x52651]


---------------  P R O C E S S  ---------------

Threads class SMR info:
_java_thread_list=0x0000023e475772c0, length=15, elements={
0x0000023e22b6c240, 0x0000023e42d4ebc0, 0x0000023e42d50190, 0x0000023e42d5c9f0,
0x0000023e42d5f5b0, 0x0000023e42d60160, 0x0000023e42d62b20, 0x0000023e2078f3c0,
0x0000023e2078f8d0, 0x0000023e42d8e930, 0x0000023e45732120, 0x0000023e46683510,
0x0000023e4645e400, 0x0000023e47160740, 0x0000023e46ce0850
}

Java Threads: ( => current thread )
  0x0000023e22b6c240 JavaThread "main" [_thread_blocked, id=50472, stack(0x000000d855700000,0x000000d855800000)]
  0x0000023e42d4ebc0 JavaThread "Reference Handler" daemon [_thread_blocked, id=17396, stack(0x000000d855e00000,0x000000d855f00000)]
  0x0000023e42d50190 JavaThread "Finalizer" daemon [_thread_blocked, id=50812, stack(0x000000d855f00000,0x000000d856000000)]
  0x0000023e42d5c9f0 JavaThread "Signal Dispatcher" daemon [_thread_blocked, id=11776, stack(0x000000d856000000,0x000000d856100000)]
  0x0000023e42d5f5b0 JavaThread "Attach Listener" daemon [_thread_blocked, id=4288, stack(0x000000d856100000,0x000000d856200000)]
  0x0000023e42d60160 JavaThread "Service Thread" daemon [_thread_blocked, id=21724, stack(0x000000d856200000,0x000000d856300000)]
  0x0000023e42d62b20 JavaThread "Monitor Deflation Thread" daemon [_thread_blocked, id=45092, stack(0x000000d856300000,0x000000d856400000)]
=>0x0000023e2078f3c0 JavaThread "C2 CompilerThread0" daemon [_thread_in_native, id=41560, stack(0x000000d856400000,0x000000d856500000)]
  0x0000023e2078f8d0 JavaThread "C1 CompilerThread0" daemon [_thread_blocked, id=41184, stack(0x000000d856500000,0x000000d856600000)]
  0x0000023e42d8e930 JavaThread "Sweeper thread" daemon [_thread_blocked, id=38404, stack(0x000000d856600000,0x000000d856700000)]
  0x0000023e45732120 JavaThread "Common-Cleaner" daemon [_thread_blocked, id=24936, stack(0x000000d856700000,0x000000d856800000)]
  0x0000023e46683510 JavaThread "Monitor Ctrl-Break" daemon [_thread_in_native, id=49864, stack(0x000000d856800000,0x000000d856900000)]
  0x0000023e4645e400 JavaThread "Notification Thread" daemon [_thread_blocked, id=50780, stack(0x000000d856900000,0x000000d856a00000)]
  0x0000023e47160740 JavaThread "Thread-0" [_thread_blocked, id=13296, stack(0x000000d857400000,0x000000d857500000)]
  0x0000023e46ce0850 JavaThread "restartedMain" [_thread_in_native, id=45720, stack(0x000000d857500000,0x000000d857600000)]

Other Threads:
  0x0000023e42d460c0 VMThread "VM Thread" [stack: 0x000000d855d00000,0x000000d855e00000] [id=37712]
  0x0000023e2078c7a0 WatcherThread [stack: 0x000000d856a00000,0x000000d856b00000] [id=35260]
  0x0000023e42b996d0 GCTaskThread "GC Thread#0" [stack: 0x000000d855800000,0x000000d855900000] [id=13292]
  0x0000023e46ce3fc0 GCTaskThread "GC Thread#1" [stack: 0x000000d856c00000,0x000000d856d00000] [id=37520]
  0x0000023e46f465b0 GCTaskThread "GC Thread#2" [stack: 0x000000d856d00000,0x000000d856e00000] [id=44716]
  0x0000023e46f46860 GCTaskThread "GC Thread#3" [stack: 0x000000d856e00000,0x000000d856f00000] [id=48852]
  0x0000023e46f46b10 GCTaskThread "GC Thread#4" [stack: 0x000000d856f00000,0x000000d857000000] [id=36936]
  0x0000023e46cc8fa0 GCTaskThread "GC Thread#5" [stack: 0x000000d857000000,0x000000d857100000] [id=26968]
  0x0000023e46c78c80 GCTaskThread "GC Thread#6" [stack: 0x000000d857100000,0x000000d857200000] [id=30692]
  0x0000023e47175a60 GCTaskThread "GC Thread#7" [stack: 0x000000d857200000,0x000000d857300000] [id=14220]
  0x0000023e42baa030 ConcurrentGCThread "G1 Main Marker" [stack: 0x000000d855900000,0x000000d855a00000] [id=19664]
  0x0000023e42baba50 ConcurrentGCThread "G1 Conc#0" [stack: 0x000000d855a00000,0x000000d855b00000] [id=19648]
  0x0000023e42c7ddf0 ConcurrentGCThread "G1 Refine#0" [stack: 0x000000d855b00000,0x000000d855c00000] [id=32480]
  0x0000023e46cc96d0 ConcurrentGCThread "G1 Refine#1" [stack: 0x000000d857300000,0x000000d857400000] [id=20588]
  0x0000023e42c7e810 ConcurrentGCThread "G1 Service" [stack: 0x000000d855c00000,0x000000d855d00000] [id=8020]

Threads with active compile tasks:
C2 CompilerThread0     4751 1565       4       org.springframework.boot.context.properties.source.ConfigurationPropertyName$ElementsParser::parse (234 bytes)

VM state: not at safepoint (normal execution)

VM Mutex/Monitor currently owned by a thread: None

Heap address: 0x0000000704e00000, size: 4018 MB, Compressed Oops mode: Zero based, Oop shift amount: 3

CDS archive(s) mapped at: [0x0000000800000000-0x0000000800bc0000-0x0000000800bc0000), size 12320768, SharedBaseAddress: 0x0000000800000000, ArchiveRelocationMode: 0.
Compressed class space mapped at: 0x0000000800c00000-0x0000000840c00000, reserved size: 1073741824
Narrow klass base: 0x0000000800000000, Narrow klass shift: 0, Narrow klass range: 0x100000000

GC Precious Log:
 CPUs: 8 total, 8 available
 Memory: 16064M
 Large Page Support: Disabled
 NUMA Support: Disabled
 Compressed Oops: Enabled (Zero based)
 Heap Region Size: 2M
 Heap Min Capacity: 8M
 Heap Initial Capacity: 252M
 Heap Max Capacity: 4018M
 Pre-touch: Disabled
 Parallel Workers: 8
 Concurrent Workers: 2
 Concurrent Refinement Workers: 8
 Periodic GC: Disabled

Heap:
 garbage-first heap   total 258048K, used 13373K [0x0000000704e00000, 0x0000000800000000)
  region size 2048K, 4 young (8192K), 1 survivors (2048K)
 Metaspace       used 9170K, committed 9408K, reserved 1064960K
  class space    used 1116K, committed 1216K, reserved 1048576K

Heap Regions: E=young(eden), S=young(survivor), O=old, HS=humongous(starts), HC=humongous(continues), CS=collection set, F=free, OA=open archive, CA=closed archive, TAMS=top-at-mark-start (previous, next)
|   0|0x0000000704e00000, 0x0000000705000000, 0x0000000705000000|100%| O|  |TAMS 0x0000000704e00000, 0x0000000704e00000| Untracked 
|   1|0x0000000705000000, 0x0000000705200000, 0x0000000705200000|100%| O|  |TAMS 0x0000000705000000, 0x0000000705000000| Untracked 
|   2|0x0000000705200000, 0x0000000705400000, 0x0000000705400000|100%| O|  |TAMS 0x0000000705200000, 0x0000000705200000| Untracked 
|   3|0x0000000705400000, 0x00000007055cfe00, 0x0000000705600000| 90%| O|  |TAMS 0x0000000705400000, 0x0000000705400000| Untracked 
|   4|0x0000000705600000, 0x0000000705600000, 0x0000000705800000|  0%| F|  |TAMS 0x0000000705600000, 0x0000000705600000| Untracked 
|   5|0x0000000705800000, 0x0000000705800000, 0x0000000705a00000|  0%| F|  |TAMS 0x0000000705800000, 0x0000000705800000| Untracked 
|   6|0x0000000705a00000, 0x0000000705a00000, 0x0000000705c00000|  0%| F|  |TAMS 0x0000000705a00000, 0x0000000705a00000| Untracked 
|   7|0x0000000705c00000, 0x0000000705c00000, 0x0000000705e00000|  0%| F|  |TAMS 0x0000000705c00000, 0x0000000705c00000| Untracked 
|   8|0x0000000705e00000, 0x0000000705e00000, 0x0000000706000000|  0%| F|  |TAMS 0x0000000705e00000, 0x0000000705e00000| Untracked 
|   9|0x0000000706000000, 0x0000000706000000, 0x0000000706200000|  0%| F|  |TAMS 0x0000000706000000, 0x0000000706000000| Untracked 
|  10|0x0000000706200000, 0x0000000706200000, 0x0000000706400000|  0%| F|  |TAMS 0x0000000706200000, 0x0000000706200000| Untracked 
|  11|0x0000000706400000, 0x0000000706400000, 0x0000000706600000|  0%| F|  |TAMS 0x0000000706400000, 0x0000000706400000| Untracked 
|  12|0x0000000706600000, 0x0000000706600000, 0x0000000706800000|  0%| F|  |TAMS 0x0000000706600000, 0x0000000706600000| Untracked 
|  13|0x0000000706800000, 0x0000000706800000, 0x0000000706a00000|  0%| F|  |TAMS 0x0000000706800000, 0x0000000706800000| Untracked 
|  14|0x0000000706a00000, 0x0000000706a00000, 0x0000000706c00000|  0%| F|  |TAMS 0x0000000706a00000, 0x0000000706a00000| Untracked 
|  15|0x0000000706c00000, 0x0000000706c00000, 0x0000000706e00000|  0%| F|  |TAMS 0x0000000706c00000, 0x0000000706c00000| Untracked 
|  16|0x0000000706e00000, 0x0000000706e00000, 0x0000000707000000|  0%| F|  |TAMS 0x0000000706e00000, 0x0000000706e00000| Untracked 
|  17|0x0000000707000000, 0x0000000707000000, 0x0000000707200000|  0%| F|  |TAMS 0x0000000707000000, 0x0000000707000000| Untracked 
|  18|0x0000000707200000, 0x0000000707200000, 0x0000000707400000|  0%| F|  |TAMS 0x0000000707200000, 0x0000000707200000| Untracked 
|  19|0x0000000707400000, 0x0000000707400000, 0x0000000707600000|  0%| F|  |TAMS 0x0000000707400000, 0x0000000707400000| Untracked 
|  20|0x0000000707600000, 0x0000000707600000, 0x0000000707800000|  0%| F|  |TAMS 0x0000000707600000, 0x0000000707600000| Untracked 
|  21|0x0000000707800000, 0x0000000707800000, 0x0000000707a00000|  0%| F|  |TAMS 0x0000000707800000, 0x0000000707800000| Untracked 
|  22|0x0000000707a00000, 0x0000000707a00000, 0x0000000707c00000|  0%| F|  |TAMS 0x0000000707a00000, 0x0000000707a00000| Untracked 
|  23|0x0000000707c00000, 0x0000000707c00000, 0x0000000707e00000|  0%| F|  |TAMS 0x0000000707c00000, 0x0000000707c00000| Untracked 
|  24|0x0000000707e00000, 0x0000000707e00000, 0x0000000708000000|  0%| F|  |TAMS 0x0000000707e00000, 0x0000000707e00000| Untracked 
|  25|0x0000000708000000, 0x0000000708000000, 0x0000000708200000|  0%| F|  |TAMS 0x0000000708000000, 0x0000000708000000| Untracked 
|  26|0x0000000708200000, 0x0000000708200000, 0x0000000708400000|  0%| F|  |TAMS 0x0000000708200000, 0x0000000708200000| Untracked 
|  27|0x0000000708400000, 0x0000000708400000, 0x0000000708600000|  0%| F|  |TAMS 0x0000000708400000, 0x0000000708400000| Untracked 
|  28|0x0000000708600000, 0x0000000708600000, 0x0000000708800000|  0%| F|  |TAMS 0x0000000708600000, 0x0000000708600000| Untracked 
|  29|0x0000000708800000, 0x0000000708800000, 0x0000000708a00000|  0%| F|  |TAMS 0x0000000708800000, 0x0000000708800000| Untracked 
|  30|0x0000000708a00000, 0x0000000708a00000, 0x0000000708c00000|  0%| F|  |TAMS 0x0000000708a00000, 0x0000000708a00000| Untracked 
|  31|0x0000000708c00000, 0x0000000708c00000, 0x0000000708e00000|  0%| F|  |TAMS 0x0000000708c00000, 0x0000000708c00000| Untracked 
|  32|0x0000000708e00000, 0x0000000708e00000, 0x0000000709000000|  0%| F|  |TAMS 0x0000000708e00000, 0x0000000708e00000| Untracked 
|  33|0x0000000709000000, 0x0000000709000000, 0x0000000709200000|  0%| F|  |TAMS 0x0000000709000000, 0x0000000709000000| Untracked 
|  34|0x0000000709200000, 0x0000000709200000, 0x0000000709400000|  0%| F|  |TAMS 0x0000000709200000, 0x0000000709200000| Untracked 
|  35|0x0000000709400000, 0x0000000709400000, 0x0000000709600000|  0%| F|  |TAMS 0x0000000709400000, 0x0000000709400000| Untracked 
|  36|0x0000000709600000, 0x0000000709600000, 0x0000000709800000|  0%| F|  |TAMS 0x0000000709600000, 0x0000000709600000| Untracked 
|  37|0x0000000709800000, 0x0000000709800000, 0x0000000709a00000|  0%| F|  |TAMS 0x0000000709800000, 0x0000000709800000| Untracked 
|  38|0x0000000709a00000, 0x0000000709a00000, 0x0000000709c00000|  0%| F|  |TAMS 0x0000000709a00000, 0x0000000709a00000| Untracked 
|  39|0x0000000709c00000, 0x0000000709c00000, 0x0000000709e00000|  0%| F|  |TAMS 0x0000000709c00000, 0x0000000709c00000| Untracked 
|  40|0x0000000709e00000, 0x0000000709e00000, 0x000000070a000000|  0%| F|  |TAMS 0x0000000709e00000, 0x0000000709e00000| Untracked 
|  41|0x000000070a000000, 0x000000070a000000, 0x000000070a200000|  0%| F|  |TAMS 0x000000070a000000, 0x000000070a000000| Untracked 
|  42|0x000000070a200000, 0x000000070a200000, 0x000000070a400000|  0%| F|  |TAMS 0x000000070a200000, 0x000000070a200000| Untracked 
|  43|0x000000070a400000, 0x000000070a400000, 0x000000070a600000|  0%| F|  |TAMS 0x000000070a400000, 0x000000070a400000| Untracked 
|  44|0x000000070a600000, 0x000000070a600000, 0x000000070a800000|  0%| F|  |TAMS 0x000000070a600000, 0x000000070a600000| Untracked 
|  45|0x000000070a800000, 0x000000070a800000, 0x000000070aa00000|  0%| F|  |TAMS 0x000000070a800000, 0x000000070a800000| Untracked 
|  46|0x000000070aa00000, 0x000000070aa00000, 0x000000070ac00000|  0%| F|  |TAMS 0x000000070aa00000, 0x000000070aa00000| Untracked 
|  47|0x000000070ac00000, 0x000000070ac00000, 0x000000070ae00000|  0%| F|  |TAMS 0x000000070ac00000, 0x000000070ac00000| Untracked 
|  48|0x000000070ae00000, 0x000000070ae00000, 0x000000070b000000|  0%| F|  |TAMS 0x000000070ae00000, 0x000000070ae00000| Untracked 
|  49|0x000000070b000000, 0x000000070b000000, 0x000000070b200000|  0%| F|  |TAMS 0x000000070b000000, 0x000000070b000000| Untracked 
|  50|0x000000070b200000, 0x000000070b200000, 0x000000070b400000|  0%| F|  |TAMS 0x000000070b200000, 0x000000070b200000| Untracked 
|  51|0x000000070b400000, 0x000000070b400000, 0x000000070b600000|  0%| F|  |TAMS 0x000000070b400000, 0x000000070b400000| Untracked 
|  52|0x000000070b600000, 0x000000070b600000, 0x000000070b800000|  0%| F|  |TAMS 0x000000070b600000, 0x000000070b600000| Untracked 
|  53|0x000000070b800000, 0x000000070b800000, 0x000000070ba00000|  0%| F|  |TAMS 0x000000070b800000, 0x000000070b800000| Untracked 
|  54|0x000000070ba00000, 0x000000070ba00000, 0x000000070bc00000|  0%| F|  |TAMS 0x000000070ba00000, 0x000000070ba00000| Untracked 
|  55|0x000000070bc00000, 0x000000070bc00000, 0x000000070be00000|  0%| F|  |TAMS 0x000000070bc00000, 0x000000070bc00000| Untracked 
|  56|0x000000070be00000, 0x000000070be00000, 0x000000070c000000|  0%| F|  |TAMS 0x000000070be00000, 0x000000070be00000| Untracked 
|  57|0x000000070c000000, 0x000000070c000000, 0x000000070c200000|  0%| F|  |TAMS 0x000000070c000000, 0x000000070c000000| Untracked 
|  58|0x000000070c200000, 0x000000070c200000, 0x000000070c400000|  0%| F|  |TAMS 0x000000070c200000, 0x000000070c200000| Untracked 
|  59|0x000000070c400000, 0x000000070c400000, 0x000000070c600000|  0%| F|  |TAMS 0x000000070c400000, 0x000000070c400000| Untracked 
|  60|0x000000070c600000, 0x000000070c600000, 0x000000070c800000|  0%| F|  |TAMS 0x000000070c600000, 0x000000070c600000| Untracked 
|  61|0x000000070c800000, 0x000000070c800000, 0x000000070ca00000|  0%| F|  |TAMS 0x000000070c800000, 0x000000070c800000| Untracked 
|  62|0x000000070ca00000, 0x000000070ca00000, 0x000000070cc00000|  0%| F|  |TAMS 0x000000070ca00000, 0x000000070ca00000| Untracked 
|  63|0x000000070cc00000, 0x000000070cc00000, 0x000000070ce00000|  0%| F|  |TAMS 0x000000070cc00000, 0x000000070cc00000| Untracked 
|  64|0x000000070ce00000, 0x000000070ce00000, 0x000000070d000000|  0%| F|  |TAMS 0x000000070ce00000, 0x000000070ce00000| Untracked 
|  65|0x000000070d000000, 0x000000070d000000, 0x000000070d200000|  0%| F|  |TAMS 0x000000070d000000, 0x000000070d000000| Untracked 
|  66|0x000000070d200000, 0x000000070d200000, 0x000000070d400000|  0%| F|  |TAMS 0x000000070d200000, 0x000000070d200000| Untracked 
|  67|0x000000070d400000, 0x000000070d400000, 0x000000070d600000|  0%| F|  |TAMS 0x000000070d400000, 0x000000070d400000| Untracked 
|  68|0x000000070d600000, 0x000000070d600000, 0x000000070d800000|  0%| F|  |TAMS 0x000000070d600000, 0x000000070d600000| Untracked 
|  69|0x000000070d800000, 0x000000070d800000, 0x000000070da00000|  0%| F|  |TAMS 0x000000070d800000, 0x000000070d800000| Untracked 
|  70|0x000000070da00000, 0x000000070da00000, 0x000000070dc00000|  0%| F|  |TAMS 0x000000070da00000, 0x000000070da00000| Untracked 
|  71|0x000000070dc00000, 0x000000070dc00000, 0x000000070de00000|  0%| F|  |TAMS 0x000000070dc00000, 0x000000070dc00000| Untracked 
|  72|0x000000070de00000, 0x000000070de00000, 0x000000070e000000|  0%| F|  |TAMS 0x000000070de00000, 0x000000070de00000| Untracked 
|  73|0x000000070e000000, 0x000000070e000000, 0x000000070e200000|  0%| F|  |TAMS 0x000000070e000000, 0x000000070e000000| Untracked 
|  74|0x000000070e200000, 0x000000070e200000, 0x000000070e400000|  0%| F|  |TAMS 0x000000070e200000, 0x000000070e200000| Untracked 
|  75|0x000000070e400000, 0x000000070e400000, 0x000000070e600000|  0%| F|  |TAMS 0x000000070e400000, 0x000000070e400000| Untracked 
|  76|0x000000070e600000, 0x000000070e600000, 0x000000070e800000|  0%| F|  |TAMS 0x000000070e600000, 0x000000070e600000| Untracked 
|  77|0x000000070e800000, 0x000000070e800000, 0x000000070ea00000|  0%| F|  |TAMS 0x000000070e800000, 0x000000070e800000| Untracked 
|  78|0x000000070ea00000, 0x000000070ea00000, 0x000000070ec00000|  0%| F|  |TAMS 0x000000070ea00000, 0x000000070ea00000| Untracked 
|  79|0x000000070ec00000, 0x000000070ec00000, 0x000000070ee00000|  0%| F|  |TAMS 0x000000070ec00000, 0x000000070ec00000| Untracked 
|  80|0x000000070ee00000, 0x000000070ee00000, 0x000000070f000000|  0%| F|  |TAMS 0x000000070ee00000, 0x000000070ee00000| Untracked 
|  81|0x000000070f000000, 0x000000070f000000, 0x000000070f200000|  0%| F|  |TAMS 0x000000070f000000, 0x000000070f000000| Untracked 
|  82|0x000000070f200000, 0x000000070f200000, 0x000000070f400000|  0%| F|  |TAMS 0x000000070f200000, 0x000000070f200000| Untracked 
|  83|0x000000070f400000, 0x000000070f400000, 0x000000070f600000|  0%| F|  |TAMS 0x000000070f400000, 0x000000070f400000| Untracked 
|  84|0x000000070f600000, 0x000000070f600000, 0x000000070f800000|  0%| F|  |TAMS 0x000000070f600000, 0x000000070f600000| Untracked 
|  85|0x000000070f800000, 0x000000070f800000, 0x000000070fa00000|  0%| F|  |TAMS 0x000000070f800000, 0x000000070f800000| Untracked 
|  86|0x000000070fa00000, 0x000000070fa00000, 0x000000070fc00000|  0%| F|  |TAMS 0x000000070fa00000, 0x000000070fa00000| Untracked 
|  87|0x000000070fc00000, 0x000000070fc00000, 0x000000070fe00000|  0%| F|  |TAMS 0x000000070fc00000, 0x000000070fc00000| Untracked 
|  88|0x000000070fe00000, 0x000000070fe00000, 0x0000000710000000|  0%| F|  |TAMS 0x000000070fe00000, 0x000000070fe00000| Untracked 
|  89|0x0000000710000000, 0x0000000710000000, 0x0000000710200000|  0%| F|  |TAMS 0x0000000710000000, 0x0000000710000000| Untracked 
|  90|0x0000000710200000, 0x0000000710200000, 0x0000000710400000|  0%| F|  |TAMS 0x0000000710200000, 0x0000000710200000| Untracked 
|  91|0x0000000710400000, 0x0000000710400000, 0x0000000710600000|  0%| F|  |TAMS 0x0000000710400000, 0x0000000710400000| Untracked 
|  92|0x0000000710600000, 0x0000000710600000, 0x0000000710800000|  0%| F|  |TAMS 0x0000000710600000, 0x0000000710600000| Untracked 
|  93|0x0000000710800000, 0x0000000710800000, 0x0000000710a00000|  0%| F|  |TAMS 0x0000000710800000, 0x0000000710800000| Untracked 
|  94|0x0000000710a00000, 0x0000000710a00000, 0x0000000710c00000|  0%| F|  |TAMS 0x0000000710a00000, 0x0000000710a00000| Untracked 
|  95|0x0000000710c00000, 0x0000000710c00000, 0x0000000710e00000|  0%| F|  |TAMS 0x0000000710c00000, 0x0000000710c00000| Untracked 
|  96|0x0000000710e00000, 0x0000000710e00000, 0x0000000711000000|  0%| F|  |TAMS 0x0000000710e00000, 0x0000000710e00000| Untracked 
|  97|0x0000000711000000, 0x0000000711000000, 0x0000000711200000|  0%| F|  |TAMS 0x0000000711000000, 0x0000000711000000| Untracked 
|  98|0x0000000711200000, 0x0000000711200000, 0x0000000711400000|  0%| F|  |TAMS 0x0000000711200000, 0x0000000711200000| Untracked 
|  99|0x0000000711400000, 0x0000000711400000, 0x0000000711600000|  0%| F|  |TAMS 0x0000000711400000, 0x0000000711400000| Untracked 
| 100|0x0000000711600000, 0x0000000711600000, 0x0000000711800000|  0%| F|  |TAMS 0x0000000711600000, 0x0000000711600000| Untracked 
| 101|0x0000000711800000, 0x0000000711800000, 0x0000000711a00000|  0%| F|  |TAMS 0x0000000711800000, 0x0000000711800000| Untracked 
| 102|0x0000000711a00000, 0x0000000711a00000, 0x0000000711c00000|  0%| F|  |TAMS 0x0000000711a00000, 0x0000000711a00000| Untracked 
| 103|0x0000000711c00000, 0x0000000711c00000, 0x0000000711e00000|  0%| F|  |TAMS 0x0000000711c00000, 0x0000000711c00000| Untracked 
| 104|0x0000000711e00000, 0x0000000711e00000, 0x0000000712000000|  0%| F|  |TAMS 0x0000000711e00000, 0x0000000711e00000| Untracked 
| 105|0x0000000712000000, 0x0000000712000000, 0x0000000712200000|  0%| F|  |TAMS 0x0000000712000000, 0x0000000712000000| Untracked 
| 106|0x0000000712200000, 0x0000000712200000, 0x0000000712400000|  0%| F|  |TAMS 0x0000000712200000, 0x0000000712200000| Untracked 
| 107|0x0000000712400000, 0x0000000712400000, 0x0000000712600000|  0%| F|  |TAMS 0x0000000712400000, 0x0000000712400000| Untracked 
| 108|0x0000000712600000, 0x0000000712600000, 0x0000000712800000|  0%| F|  |TAMS 0x0000000712600000, 0x0000000712600000| Untracked 
| 109|0x0000000712800000, 0x0000000712800000, 0x0000000712a00000|  0%| F|  |TAMS 0x0000000712800000, 0x0000000712800000| Untracked 
| 110|0x0000000712a00000, 0x0000000712a00000, 0x0000000712c00000|  0%| F|  |TAMS 0x0000000712a00000, 0x0000000712a00000| Untracked 
| 111|0x0000000712c00000, 0x0000000712c00000, 0x0000000712e00000|  0%| F|  |TAMS 0x0000000712c00000, 0x0000000712c00000| Untracked 
| 112|0x0000000712e00000, 0x0000000712e00000, 0x0000000713000000|  0%| F|  |TAMS 0x0000000712e00000, 0x0000000712e00000| Untracked 
| 113|0x0000000713000000, 0x0000000713000000, 0x0000000713200000|  0%| F|  |TAMS 0x0000000713000000, 0x0000000713000000| Untracked 
| 114|0x0000000713200000, 0x0000000713200000, 0x0000000713400000|  0%| F|  |TAMS 0x0000000713200000, 0x0000000713200000| Untracked 
| 115|0x0000000713400000, 0x0000000713400000, 0x0000000713600000|  0%| F|  |TAMS 0x0000000713400000, 0x0000000713400000| Untracked 
| 116|0x0000000713600000, 0x000000071373f700, 0x0000000713800000| 62%| S|CS|TAMS 0x0000000713600000, 0x0000000713600000| Complete 
| 117|0x0000000713800000, 0x0000000713800000, 0x0000000713a00000|  0%| F|  |TAMS 0x0000000713800000, 0x0000000713800000| Untracked 
| 118|0x0000000713a00000, 0x0000000713a00000, 0x0000000713c00000|  0%| F|  |TAMS 0x0000000713a00000, 0x0000000713a00000| Untracked 
| 119|0x0000000713c00000, 0x0000000713c00000, 0x0000000713e00000|  0%| F|  |TAMS 0x0000000713c00000, 0x0000000713c00000| Untracked 
| 120|0x0000000713e00000, 0x0000000713e00000, 0x0000000714000000|  0%| F|  |TAMS 0x0000000713e00000, 0x0000000713e00000| Untracked 
| 121|0x0000000714000000, 0x0000000714000000, 0x0000000714200000|  0%| F|  |TAMS 0x0000000714000000, 0x0000000714000000| Untracked 
| 122|0x0000000714200000, 0x0000000714200000, 0x0000000714400000|  0%| F|  |TAMS 0x0000000714200000, 0x0000000714200000| Untracked 
| 123|0x0000000714400000, 0x00000007145e2f98, 0x0000000714600000| 94%| E|  |TAMS 0x0000000714400000, 0x0000000714400000| Complete 
| 124|0x0000000714600000, 0x0000000714800000, 0x0000000714800000|100%| E|CS|TAMS 0x0000000714600000, 0x0000000714600000| Complete 
| 125|0x0000000714800000, 0x0000000714a00000, 0x0000000714a00000|100%| E|CS|TAMS 0x0000000714800000, 0x0000000714800000| Complete 

Card table byte_map: [0x0000023e39e30000,0x0000023e3a610000] _byte_map_base: 0x0000023e36609000

Marking Bits (Prev, Next): (CMBitMap*) 0x0000023e42b99bf0, (CMBitMap*) 0x0000023e42b99c30
 Prev Bits: [0x0000023e3adf0000, 0x0000023e3ecb8000)
 Next Bits: [0x0000023e3ecc0000, 0x0000023e42b88000)

Polling page: 0x0000023e222b0000

Metaspace:

Usage:
  Non-class:      7.86 MB used.
      Class:      1.09 MB used.
       Both:      8.96 MB used.

Virtual space:
  Non-class space:       16.00 MB reserved,       8.00 MB ( 50%) committed,  2 nodes.
      Class space:        1.00 GB reserved,       1.19 MB ( <1%) committed,  1 nodes.
             Both:        1.02 GB reserved,       9.19 MB ( <1%) committed. 

Chunk freelists:
   Non-Class:  3.66 MB
       Class:  2.73 MB
        Both:  6.39 MB

MaxMetaspaceSize: unlimited
CompressedClassSpaceSize: 1.00 GB
Initial GC threshold: 21.00 MB
Current GC threshold: 21.00 MB
CDS: on
MetaspaceReclaimPolicy: balanced
 - commit_granule_bytes: 65536.
 - commit_granule_words: 8192.
 - virtual_space_node_default_size: 1048576.
 - enlarge_chunks_in_place: 1.
 - new_chunks_are_fully_committed: 0.
 - uncommit_free_chunks: 1.
 - use_allocation_guard: 0.
 - handle_deallocations: 1.


Internal statistics:

num_allocs_failed_limit: 0.
num_arena_births: 116.
num_arena_deaths: 0.
num_vsnodes_births: 3.
num_vsnodes_deaths: 0.
num_space_committed: 147.
num_space_uncommitted: 0.
num_chunks_returned_to_freelist: 0.
num_chunks_taken_from_freelist: 379.
num_chunk_merges: 0.
num_chunk_splits: 238.
num_chunks_enlarged: 178.
num_purges: 0.
num_inconsistent_stats: 0.

CodeHeap 'non-profiled nmethods': size=120000Kb used=672Kb max_used=672Kb free=119327Kb
 bounds [0x0000023e31df0000, 0x0000023e32060000, 0x0000023e39320000]
CodeHeap 'profiled nmethods': size=120000Kb used=3193Kb max_used=3193Kb free=116806Kb
 bounds [0x0000023e2a8c0000, 0x0000023e2abe0000, 0x0000023e31df0000]
CodeHeap 'non-nmethods': size=5760Kb used=1176Kb max_used=1197Kb free=4583Kb
 bounds [0x0000023e2a320000, 0x0000023e2a590000, 0x0000023e2a8c0000]
 total_blobs=2126 nmethods=1674 adapters=364
 compilation: enabled
              stopped_count=0, restarted_count=0
 full_count=0

Compilation events (20 events):
Event: 4.691 Thread 0x0000023e2078f8d0 1630       1       org.springframework.core.io.UrlResource::getURL (5 bytes)
Event: 4.691 Thread 0x0000023e2078f8d0 nmethod 1630 0x0000023e31e97910 code [0x0000023e31e97aa0, 0x0000023e31e97b78]
Event: 4.691 Thread 0x0000023e2078f8d0 1631       3       java.lang.String::toLowerCase (8 bytes)
Event: 4.691 Thread 0x0000023e2078f8d0 nmethod 1631 0x0000023e2abc7610 code [0x0000023e2abc77e0, 0x0000023e2abc7b78]
Event: 4.691 Thread 0x0000023e2078f8d0 1632       3       java.util.Collections$EmptySet::iterator (4 bytes)
Event: 4.691 Thread 0x0000023e2078f8d0 nmethod 1632 0x0000023e2abc7c90 code [0x0000023e2abc7e20, 0x0000023e2abc7f98]
Event: 4.697 Thread 0x0000023e2078f8d0 1633       2       java.util.LinkedHashMap::<init> (11 bytes)
Event: 4.697 Thread 0x0000023e2078f8d0 nmethod 1633 0x0000023e2abc8090 code [0x0000023e2abc8240, 0x0000023e2abc8388]
Event: 4.698 Thread 0x0000023e2078f8d0 1634       1       org.springframework.boot.context.config.StandardConfigDataReference::getResourceLocation (5 bytes)
Event: 4.698 Thread 0x0000023e2078f8d0 nmethod 1634 0x0000023e31e97c10 code [0x0000023e31e97da0, 0x0000023e31e97e78]
Event: 4.700 Thread 0x0000023e2078f8d0 1635       3       java.util.regex.Pattern$BmpCharPredicate$$Lambda$22/0x80000002b::is (15 bytes)
Event: 4.700 Thread 0x0000023e2078f8d0 nmethod 1635 0x0000023e2abc8490 code [0x0000023e2abc8640, 0x0000023e2abc8828]
Event: 4.700 Thread 0x0000023e2078f8d0 1636       3       java.util.regex.Pattern$BmpCharPredicate::lambda$union$2 (26 bytes)
Event: 4.700 Thread 0x0000023e2078f8d0 nmethod 1636 0x0000023e2abc8910 code [0x0000023e2abc8ac0, 0x0000023e2abc8df8]
Event: 4.700 Thread 0x0000023e2078f8d0 1637       3       java.util.regex.Pattern$BmpCharProperty::match (55 bytes)
Event: 4.701 Thread 0x0000023e2078f8d0 nmethod 1637 0x0000023e2abc8f10 code [0x0000023e2abc90e0, 0x0000023e2abc9588]
Event: 4.702 Thread 0x0000023e2078f8d0 1638       3       java.util.LinkedHashMap::keySet (25 bytes)
Event: 4.703 Thread 0x0000023e2078f8d0 nmethod 1638 0x0000023e2abc9710 code [0x0000023e2abc98c0, 0x0000023e2abc9cb8]
Event: 4.713 Thread 0x0000023e2078f8d0 1639       3       org.springframework.core.env.MapPropertySource::getProperty (14 bytes)
Event: 4.713 Thread 0x0000023e2078f8d0 nmethod 1639 0x0000023e2abc9e10 code [0x0000023e2abc9fc0, 0x0000023e2abca2a8]

GC Heap History (4 events):
Event: 2.167 GC heap before
{Heap before GC invocations=0 (full 0):
 garbage-first heap   total 258048K, used 20480K [0x0000000704e00000, 0x0000000800000000)
  region size 2048K, 11 young (22528K), 0 survivors (0K)
 Metaspace       used 4730K, committed 4864K, reserved 1056768K
  class space    used 503K, committed 576K, reserved 1048576K
}
Event: 2.184 GC heap after
{Heap after GC invocations=1 (full 0):
 garbage-first heap   total 258048K, used 7477K [0x0000000704e00000, 0x0000000800000000)
  region size 2048K, 2 young (4096K), 2 survivors (4096K)
 Metaspace       used 4730K, committed 4864K, reserved 1056768K
  class space    used 503K, committed 576K, reserved 1048576K
}
Event: 4.477 GC heap before
{Heap before GC invocations=1 (full 0):
 garbage-first heap   total 258048K, used 25909K [0x0000000704e00000, 0x0000000800000000)
  region size 2048K, 11 young (22528K), 2 survivors (4096K)
 Metaspace       used 8053K, committed 8256K, reserved 1056768K
  class space    used 953K, committed 1024K, reserved 1048576K
}
Event: 4.481 GC heap after
{Heap after GC invocations=2 (full 0):
 garbage-first heap   total 258048K, used 9277K [0x0000000704e00000, 0x0000000800000000)
  region size 2048K, 1 young (2048K), 1 survivors (2048K)
 Metaspace       used 8053K, committed 8256K, reserved 1056768K
  class space    used 953K, committed 1024K, reserved 1048576K
}

Deoptimization events (20 events):
Event: 4.403 Thread 0x0000023e46ce0850 Uncommon trap: trap_request=0xffffff45 fr.pc=0x0000023e31e83c58 relative=0x0000000000000218
Event: 4.403 Thread 0x0000023e46ce0850 Uncommon trap: reason=unstable_if action=reinterpret pc=0x0000023e31e83c58 method=org.springframework.boot.context.properties.source.ConfigurationPropertyName$ElementsParser.updateType(Lorg/springframework/boot/context/properties/source/ConfigurationPrope
Event: 4.403 Thread 0x0000023e46ce0850 DEOPT PACKING pc=0x0000023e31e83c58 sp=0x000000d8575fc2e0
Event: 4.403 Thread 0x0000023e46ce0850 DEOPT UNPACKING pc=0x0000023e2a375c23 sp=0x000000d8575fc270 mode 2
Event: 4.506 Thread 0x0000023e46ce0850 Uncommon trap: trap_request=0xffffff45 fr.pc=0x0000023e31e7b4b4 relative=0x0000000000000174
Event: 4.506 Thread 0x0000023e46ce0850 Uncommon trap: reason=unstable_if action=reinterpret pc=0x0000023e31e7b4b4 method=java.util.concurrent.ConcurrentHashMap.addCount(JI)V @ 121 c2
Event: 4.506 Thread 0x0000023e46ce0850 DEOPT PACKING pc=0x0000023e31e7b4b4 sp=0x000000d8575fccf0
Event: 4.506 Thread 0x0000023e46ce0850 DEOPT UNPACKING pc=0x0000023e2a375c23 sp=0x000000d8575fcc50 mode 2
Event: 4.556 Thread 0x0000023e46ce0850 Uncommon trap: trap_request=0xffffff45 fr.pc=0x0000023e31e4ffd4 relative=0x0000000000000494
Event: 4.556 Thread 0x0000023e46ce0850 Uncommon trap: reason=unstable_if action=reinterpret pc=0x0000023e31e4ffd4 method=java.util.HashMap.hash(Ljava/lang/Object;)I @ 1 c2
Event: 4.556 Thread 0x0000023e46ce0850 DEOPT PACKING pc=0x0000023e31e4ffd4 sp=0x000000d8575fd7d0
Event: 4.556 Thread 0x0000023e46ce0850 DEOPT UNPACKING pc=0x0000023e2a375c23 sp=0x000000d8575fd678 mode 2
Event: 4.556 Thread 0x0000023e46ce0850 Uncommon trap: trap_request=0xffffff45 fr.pc=0x0000023e31e4805c relative=0x000000000000049c
Event: 4.556 Thread 0x0000023e46ce0850 Uncommon trap: reason=unstable_if action=reinterpret pc=0x0000023e31e4805c method=java.util.HashMap.hash(Ljava/lang/Object;)I @ 1 c2
Event: 4.556 Thread 0x0000023e46ce0850 DEOPT PACKING pc=0x0000023e31e4805c sp=0x000000d8575fd760
Event: 4.556 Thread 0x0000023e46ce0850 DEOPT UNPACKING pc=0x0000023e2a375c23 sp=0x000000d8575fd678 mode 2
Event: 4.592 Thread 0x0000023e46ce0850 Uncommon trap: trap_request=0xffffff45 fr.pc=0x0000023e31e4c848 relative=0x0000000000000428
Event: 4.592 Thread 0x0000023e46ce0850 Uncommon trap: reason=unstable_if action=reinterpret pc=0x0000023e31e4c848 method=java.lang.StringBuilder.toString()Ljava/lang/String; @ 4 c2
Event: 4.592 Thread 0x0000023e46ce0850 DEOPT PACKING pc=0x0000023e31e4c848 sp=0x000000d8575fca50
Event: 4.592 Thread 0x0000023e46ce0850 DEOPT UNPACKING pc=0x0000023e2a375c23 sp=0x000000d8575fca30 mode 2

Classes unloaded (0 events):
No events

Classes redefined (0 events):
No events

Internal exceptions (20 events):
Event: 2.965 Thread 0x0000023e46ce0850 Exception <a 'java/lang/NoSuchMethodError'{0x0000000713c84208}: 'java.lang.Object java.lang.invoke.DirectMethodHandle$Holder.invokeInterface(java.lang.Object, java.lang.Object, java.lang.Object)'> (0x0000000713c84208) 
thrown [t:\workspace\open\src\hotspot\share\interpreter\linkResolver.cpp, line 766]
Event: 2.966 Thread 0x0000023e46ce0850 Exception <a 'java/lang/IncompatibleClassChangeError'{0x0000000713c87d70}: Found class java.lang.Object, but interface was expected> (0x0000000713c87d70) 
thrown [t:\workspace\open\src\hotspot\share\interpreter\linkResolver.cpp, line 833]
Event: 3.135 Thread 0x0000023e46ce0850 Exception <a 'java/lang/NoSuchMethodError'{0x0000000713a68408}: 'java.lang.Object java.lang.invoke.DirectMethodHandle$Holder.newInvokeSpecial(java.lang.Object, java.lang.Object, java.lang.Object, java.lang.Object, java.lang.Object, java.lang.Object)'> (0x0000000713a68408) 
thrown [t:\workspace\open\src\hotspot\share\interpreter\linkResolver.cpp, line 766]
Event: 3.143 Thread 0x0000023e46ce0850 Exception <a 'java/lang/NoSuchMethodError'{0x0000000713a8ad28}: 'java.lang.Object java.lang.invoke.DirectMethodHandle$Holder.invokeStatic(java.lang.Object, java.lang.Object, int)'> (0x0000000713a8ad28) 
thrown [t:\workspace\open\src\hotspot\share\interpreter\linkResolver.cpp, line 766]
Event: 3.145 Thread 0x0000023e46ce0850 Exception <a 'java/lang/NoSuchMethodError'{0x0000000713a96cc0}: 'void java.lang.invoke.DelegatingMethodHandle$Holder.delegate(java.lang.Object, java.lang.Object, int, java.lang.Object)'> (0x0000000713a96cc0) 
thrown [t:\workspace\open\src\hotspot\share\interpreter\linkResolver.cpp, line 766]
Event: 4.403 Thread 0x0000023e46ce0850 Exception <a 'java/lang/NoSuchMethodError'{0x0000000713896fb0}: 'java.lang.Object java.lang.invoke.DirectMethodHandle$Holder.invokeSpecial(java.lang.Object, java.lang.Object, java.lang.Object, java.lang.Object, java.lang.Object, java.lang.Object, int)'> (0x0000000713896fb0) 
thrown [t:\workspace\open\src\hotspot\share\interpreter\linkResolver.cpp, line 766]
Event: 4.409 Thread 0x0000023e46ce0850 Exception <a 'java/lang/NoSuchMethodError'{0x00000007138a1510}: 'java.lang.Object java.lang.invoke.DirectMethodHandle$Holder.newInvokeSpecial(java.lang.Object, java.lang.Object, java.lang.Object, java.lang.Object, java.lang.Object, java.lang.Object, int)'> (0x00000007138a1510) 
thrown [t:\workspace\open\src\hotspot\share\interpreter\linkResolver.cpp, line 766]
Event: 4.414 Thread 0x0000023e46ce0850 Exception <a 'java/lang/NoSuchMethodError'{0x00000007138a6550}: 'java.lang.Object java.lang.invoke.DirectMethodHandle$Holder.invokeSpecial(java.lang.Object, java.lang.Object, java.lang.Object, java.lang.Object, java.lang.Object, java.lang.Object, java.lang.Object, int)'> (0x00000007138a6550) 
thrown [t:\workspace\open\src\hotspot\share\interpreter\linkResolver.cpp, line 766]
Event: 4.462 Thread 0x0000023e46ce0850 Exception <a 'java/lang/NoSuchMethodError'{0x00000007139c33a0}: 'int java.lang.invoke.DirectMethodHandle$Holder.invokeInterface(java.lang.Object, java.lang.Object)'> (0x00000007139c33a0) 
thrown [t:\workspace\open\src\hotspot\share\interpreter\linkResolver.cpp, line 766]
Event: 4.516 Thread 0x0000023e46ce0850 Exception <a 'java/lang/NoSuchMethodError'{0x000000071492a468}: 'void java.lang.invoke.DirectMethodHandle$Holder.invokeSpecial(java.lang.Object, java.lang.Object, java.lang.Object, java.lang.Object, java.lang.Object)'> (0x000000071492a468) 
thrown [t:\workspace\open\src\hotspot\share\interpreter\linkResolver.cpp, line 766]
Event: 4.556 Thread 0x0000023e46ce0850 Implicit null exception at 0x0000023e31e4fb90 to 0x0000023e31e4ffb4
Event: 4.556 Thread 0x0000023e46ce0850 Implicit null exception at 0x0000023e31e47c10 to 0x0000023e31e4803c
Event: 4.618 Thread 0x0000023e46ce0850 Exception <a 'java/lang/NoSuchMethodError'{0x000000071478eba0}: 'void java.lang.invoke.DirectMethodHandle$Holder.invokeSpecial(java.lang.Object, java.lang.Object, java.lang.Object, java.lang.Object, java.lang.Object, java.lang.Object)'> (0x000000071478eba0) 
thrown [t:\workspace\open\src\hotspot\share\interpreter\linkResolver.cpp, line 766]
Event: 4.634 Thread 0x0000023e46ce0850 Exception <a 'java/lang/NoSuchMethodError'{0x00000007147dae60}: 'java.lang.Object java.lang.invoke.DirectMethodHandle$Holder.invokeSpecial(java.lang.Object, java.lang.Object, java.lang.Object, int, java.lang.Object)'> (0x00000007147dae60) 
thrown [t:\workspace\open\src\hotspot\share\interpreter\linkResolver.cpp, line 766]
Event: 4.635 Thread 0x0000023e46ce0850 Exception <a 'java/lang/NoSuchMethodError'{0x00000007147e33d0}: 'java.lang.Object java.lang.invoke.DirectMethodHandle$Holder.newInvokeSpecial(java.lang.Object, java.lang.Object, java.lang.Object, int, java.lang.Object)'> (0x00000007147e33d0) 
thrown [t:\workspace\open\src\hotspot\share\interpreter\linkResolver.cpp, line 766]
Event: 4.636 Thread 0x0000023e46ce0850 Exception <a 'java/lang/NoSuchMethodError'{0x00000007147eb0e8}: 'java.lang.Object java.lang.invoke.Invokers$Holder.linkToTargetMethod(java.lang.Object, java.lang.Object, int, java.lang.Object, java.lang.Object)'> (0x00000007147eb0e8) 
thrown [t:\workspace\open\src\hotspot\share\interpreter\linkResolver.cpp, line 766]
Event: 4.638 Thread 0x0000023e46ce0850 Exception <a 'java/lang/NoSuchMethodError'{0x00000007147fa758}: 'java.lang.Object java.lang.invoke.DirectMethodHandle$Holder.newInvokeSpecial(java.lang.Object, int, java.lang.Object)'> (0x00000007147fa758) 
thrown [t:\workspace\open\src\hotspot\share\interpreter\linkResolver.cpp, line 766]
Event: 4.639 Thread 0x0000023e46ce0850 Exception <a 'java/lang/NoSuchMethodError'{0x00000007147ff2b0}: 'int java.lang.invoke.DirectMethodHandle$Holder.invokeSpecialIFC(java.lang.Object, java.lang.Object, java.lang.Object, java.lang.Object)'> (0x00000007147ff2b0) 
thrown [t:\workspace\open\src\hotspot\share\interpreter\linkResolver.cpp, line 766]
Event: 4.669 Thread 0x0000023e46ce0850 Exception <a 'java/lang/NoSuchMethodError'{0x00000007144ba7a0}: 'java.lang.Object java.lang.invoke.DirectMethodHandle$Holder.invokeInterface(java.lang.Object, java.lang.Object)'> (0x00000007144ba7a0) 
thrown [t:\workspace\open\src\hotspot\share\interpreter\linkResolver.cpp, line 766]
Event: 4.674 Thread 0x0000023e46ce0850 Exception <a 'java/lang/NoSuchMethodError'{0x00000007144cc568}: 'void java.lang.invoke.DirectMethodHandle$Holder.invokeInterface(java.lang.Object, java.lang.Object, java.lang.Object)'> (0x00000007144cc568) 
thrown [t:\workspace\open\src\hotspot\share\interpreter\linkResolver.cpp, line 766]

VM Operations (20 events):
Event: 2.167 Executing VM operation: G1CollectForAllocation
Event: 2.186 Executing VM operation: G1CollectForAllocation done
Event: 2.546 Executing VM operation: HandshakeAllThreads
Event: 2.546 Executing VM operation: HandshakeAllThreads done
Event: 2.802 Executing VM operation: HandshakeAllThreads
Event: 2.802 Executing VM operation: HandshakeAllThreads done
Event: 2.802 Executing VM operation: HandshakeAllThreads
Event: 2.802 Executing VM operation: HandshakeAllThreads done
Event: 3.142 Executing VM operation: HandshakeAllThreads
Event: 3.142 Executing VM operation: HandshakeAllThreads done
Event: 3.207 Executing VM operation: HandshakeAllThreads
Event: 3.207 Executing VM operation: HandshakeAllThreads done
Event: 3.207 Executing VM operation: Cleanup
Event: 3.207 Executing VM operation: Cleanup done
Event: 4.477 Executing VM operation: G1CollectForAllocation
Event: 4.481 Executing VM operation: G1CollectForAllocation done
Event: 4.491 Executing VM operation: HandshakeAllThreads
Event: 4.492 Executing VM operation: HandshakeAllThreads done
Event: 4.616 Executing VM operation: HandshakeAllThreads
Event: 4.616 Executing VM operation: HandshakeAllThreads done

Events (20 events):
Event: 4.573 loading class java/nio/charset/CharacterCodingException
Event: 4.573 loading class java/nio/charset/CharacterCodingException done
Event: 4.602 loading class java/util/regex/Pattern$1
Event: 4.603 loading class java/util/regex/Pattern$1 done
Event: 4.609 loading class java/util/TreeMap$DescendingSubMap
Event: 4.610 loading class java/util/TreeMap$NavigableSubMap
Event: 4.611 loading class java/util/TreeMap$NavigableSubMap done
Event: 4.611 loading class java/util/TreeMap$DescendingSubMap done
Event: 4.612 loading class java/util/TreeMap$NavigableSubMap$DescendingSubMapKeyIterator
Event: 4.612 loading class java/util/TreeMap$NavigableSubMap$SubMapIterator
Event: 4.612 loading class java/util/TreeMap$NavigableSubMap$SubMapIterator done
Event: 4.612 loading class java/util/TreeMap$NavigableSubMap$DescendingSubMapKeyIterator done
Event: 4.630 loading class sun/reflect/generics/scope/ConstructorScope
Event: 4.631 loading class sun/reflect/generics/scope/ConstructorScope done
Event: 4.631 loading class java/util/AbstractList$ListItr
Event: 4.631 loading class java/util/AbstractList$Itr
Event: 4.631 loading class java/util/AbstractList$Itr done
Event: 4.631 loading class java/util/AbstractList$ListItr done
Event: 4.653 loading class java/util/stream/MatchOps$1MatchSink
Event: 4.653 loading class java/util/stream/MatchOps$1MatchSink done


Dynamic libraries:
0x00007ff71d410000 - 0x00007ff71d41e000 	C:\Users\sherinj\.jdks\openjdk-17.0.2\bin\java.exe
0x00007ffdefc10000 - 0x00007ffdefe05000 	C:\windows\SYSTEM32\ntdll.dll
0x00007ffdefab0000 - 0x00007ffdefb6e000 	C:\windows\System32\KERNEL32.DLL
0x00007ffded8a0000 - 0x00007ffdedb68000 	C:\windows\System32\KERNELBASE.dll
0x00007ffded590000 - 0x00007ffded690000 	C:\windows\System32\ucrtbase.dll
0x00007ffdc5f40000 - 0x00007ffdc5f58000 	C:\Users\sherinj\.jdks\openjdk-17.0.2\bin\jli.dll
0x00007ffdedfd0000 - 0x00007ffdee171000 	C:\windows\System32\USER32.dll
0x00007ffded7d0000 - 0x00007ffded7f2000 	C:\windows\System32\win32u.dll
0x00007ffdee180000 - 0x00007ffdee1ab000 	C:\windows\System32\GDI32.dll
0x00007ffded480000 - 0x00007ffded58d000 	C:\windows\System32\gdi32full.dll
0x00007ffded800000 - 0x00007ffded89d000 	C:\windows\System32\msvcp_win.dll
0x00007ffdc5e80000 - 0x00007ffdc5e9a000 	C:\Users\sherinj\.jdks\openjdk-17.0.2\bin\VCRUNTIME140.dll
0x00007ffdc7170000 - 0x00007ffdc740a000 	C:\windows\WinSxS\amd64_microsoft.windows.common-controls_6595b64144ccf1df_6.0.19041.1110_none_60b5254171f9507e\COMCTL32.dll
0x00007ffdee380000 - 0x00007ffdee41e000 	C:\windows\System32\msvcrt.dll
0x00007ffdee8b0000 - 0x00007ffdee8e0000 	C:\windows\System32\IMM32.DLL
0x00007ffda38b0000 - 0x00007ffda3f02000 	C:\Program Files\McAfee\DLP\Agent\fcagpph64.dll
0x00007ffdef850000 - 0x00007ffdef8fe000 	C:\windows\System32\ADVAPI32.dll
0x00007ffdee2e0000 - 0x00007ffdee37c000 	C:\windows\System32\sechost.dll
0x00007ffdee1b0000 - 0x00007ffdee2d5000 	C:\windows\System32\RPCRT4.dll
0x00007ffdeead0000 - 0x00007ffdef214000 	C:\windows\System32\SHELL32.dll
0x00007ffdef980000 - 0x00007ffdefaaa000 	C:\windows\System32\ole32.dll
0x00007ffdee420000 - 0x00007ffdee775000 	C:\windows\System32\combase.dll
0x00007ffdef7f0000 - 0x00007ffdef845000 	C:\windows\System32\SHLWAPI.dll
0x00007ffdee8e0000 - 0x00007ffdee94b000 	C:\windows\System32\WS2_32.dll
0x00007ffdee950000 - 0x00007ffdeea1d000 	C:\windows\System32\OLEAUT32.dll
0x00007ffdd28a0000 - 0x00007ffdd2935000 	C:\windows\SYSTEM32\WINSPOOL.DRV
0x00007ffde34b0000 - 0x00007ffde34ba000 	C:\windows\SYSTEM32\VERSION.dll
0x00007ffded210000 - 0x00007ffded241000 	C:\windows\SYSTEM32\SspiCli.dll
0x00007ffdebb40000 - 0x00007ffdebb73000 	C:\windows\SYSTEM32\ntmarta.dll
0x00007ffda33d0000 - 0x00007ffda38a9000 	C:\Program Files\McAfee\DLP\Agent\fcagafa64.dll
0x00007ffdd3170000 - 0x00007ffdd317c000 	C:\Users\sherinj\.jdks\openjdk-17.0.2\bin\vcruntime140_1.dll
0x00007ffd727b0000 - 0x00007ffd7283d000 	C:\Users\sherinj\.jdks\openjdk-17.0.2\bin\msvcp140.dll
0x00007ffd55240000 - 0x00007ffd55e01000 	C:\Users\sherinj\.jdks\openjdk-17.0.2\bin\server\jvm.dll
0x00007ffdef730000 - 0x00007ffdef738000 	C:\windows\System32\PSAPI.DLL
0x00007ffdca7e0000 - 0x00007ffdca7e9000 	C:\windows\SYSTEM32\WSOCK32.dll
0x00007ffdca7b0000 - 0x00007ffdca7d7000 	C:\windows\SYSTEM32\WINMM.dll
0x00007ffdeba50000 - 0x00007ffdeba62000 	C:\windows\SYSTEM32\kernel.appcore.dll
0x00007ffdcde90000 - 0x00007ffdcde9a000 	C:\Users\sherinj\.jdks\openjdk-17.0.2\bin\jimage.dll
0x00007ffdeb840000 - 0x00007ffdeba24000 	C:\windows\SYSTEM32\DBGHELP.DLL
0x00007ffdc9980000 - 0x00007ffdc99ac000 	C:\windows\SYSTEM32\dbgcore.DLL
0x00007ffded690000 - 0x00007ffded712000 	C:\windows\System32\bcryptPrimitives.dll
0x00007ffde8bb0000 - 0x00007ffde8bbe000 	C:\Users\sherinj\.jdks\openjdk-17.0.2\bin\instrument.dll
0x00007ffdc5cb0000 - 0x00007ffdc5cd5000 	C:\Users\sherinj\.jdks\openjdk-17.0.2\bin\java.dll
0x00007ffd6c7f0000 - 0x00007ffd6c8c6000 	C:\Users\sherinj\.jdks\openjdk-17.0.2\bin\jsvml.dll
0x00007ffdeafd0000 - 0x00007ffdeb765000 	C:\windows\SYSTEM32\windows.storage.dll
0x00007ffdecbc0000 - 0x00007ffdecbee000 	C:\windows\SYSTEM32\Wldp.dll
0x00007ffdef740000 - 0x00007ffdef7ed000 	C:\windows\System32\SHCORE.dll
0x00007ffded260000 - 0x00007ffded27f000 	C:\windows\SYSTEM32\profapi.dll
0x00007ffd9b930000 - 0x00007ffd9b948000 	C:\Users\sherinj\.jdks\openjdk-17.0.2\bin\zip.dll
0x00007ffdb7770000 - 0x00007ffdb7789000 	C:\Users\sherinj\.jdks\openjdk-17.0.2\bin\net.dll
0x00007ffdec2c0000 - 0x00007ffdec3cc000 	C:\windows\SYSTEM32\WINHTTP.dll
0x00007ffdec9a0000 - 0x00007ffdeca0a000 	C:\windows\system32\mswsock.dll
0x00007ffdb5010000 - 0x00007ffdb5026000 	C:\Users\sherinj\.jdks\openjdk-17.0.2\bin\nio.dll
0x00007ffd9b910000 - 0x00007ffd9b92a000 	C:\Program Files\JetBrains\IntelliJ IDEA Community Edition 2021.3.2\bin\breakgen64.dll
0x00007ffdc61b0000 - 0x00007ffdc61c0000 	C:\Users\sherinj\.jdks\openjdk-17.0.2\bin\verify.dll
0x00007ffde4cc0000 - 0x00007ffde4cc9000 	C:\Users\sherinj\.jdks\openjdk-17.0.2\bin\management.dll
0x00007ffdc5ed0000 - 0x00007ffdc5edb000 	C:\Users\sherinj\.jdks\openjdk-17.0.2\bin\management_ext.dll
0x00007ffdec6b0000 - 0x00007ffdec6eb000 	C:\windows\SYSTEM32\IPHLPAPI.DLL
0x0000023e45b60000 - 0x0000023e45b68000 	C:\windows\System32\NSI.dll
0x00007ffde6ab0000 - 0x00007ffde6ac7000 	C:\windows\SYSTEM32\dhcpcsvc6.DLL
0x00007ffde6a90000 - 0x00007ffde6aad000 	C:\windows\SYSTEM32\dhcpcsvc.DLL
0x00007ffdec6f0000 - 0x00007ffdec7bb000 	C:\windows\SYSTEM32\DNSAPI.dll
0x00007ffde4270000 - 0x00007ffde427a000 	C:\Windows\System32\rasadhlp.dll
0x00007ffde6c80000 - 0x00007ffde6cff000 	C:\windows\System32\fwpuclnt.dll
0x0000023e45b70000 - 0x0000023e45b97000 	C:\windows\System32\bcrypt.dll
0x00007ffdc40f0000 - 0x00007ffdc4107000 	C:\windows\system32\napinsp.dll

dbghelp: loaded successfully - version: 4.0.5 - missing functions: none
symbol engine: initialized successfully - sym options: 0x614 - pdb path: .;C:\Users\sherinj\.jdks\openjdk-17.0.2\bin;C:\windows\SYSTEM32;C:\windows\WinSxS\amd64_microsoft.windows.common-controls_6595b64144ccf1df_6.0.19041.1110_none_60b5254171f9507e;C:\Program Files\McAfee\DLP\Agent;C:\Users\sherinj\.jdks\openjdk-17.0.2\bin\server;C:\Program Files\JetBrains\IntelliJ IDEA Community Edition 2021.3.2\bin

VM Arguments:
jvm_args: -javaagent:C:\Program Files\JetBrains\IntelliJ IDEA Community Edition 2021.3.2\lib\idea_rt.jar=56665:C:\Program Files\JetBrains\IntelliJ IDEA Community Edition 2021.3.2\bin -Dfile.encoding=UTF-8 
java_command: com.example.demo.LikeServiceApplication
java_class_path (initial): C:\Users\sherinj\Documents\Projects\Maveric-Connect\like-service\target\classes;C:\Users\sherinj\.m2\repository\org\springframework\boot\spring-boot-starter-data-mongodb\2.6.4\spring-boot-starter-data-mongodb-2.6.4.jar;C:\Users\sherinj\.m2\repository\org\springframework\boot\spring-boot-starter\2.6.4\spring-boot-starter-2.6.4.jar;C:\Users\sherinj\.m2\repository\org\springframework\boot\spring-boot-starter-logging\2.6.4\spring-boot-starter-logging-2.6.4.jar;C:\Users\sherinj\.m2\repository\ch\qos\logback\logback-classic\1.2.10\logback-classic-1.2.10.jar;C:\Users\sherinj\.m2\repository\ch\qos\logback\logback-core\1.2.10\logback-core-1.2.10.jar;C:\Users\sherinj\.m2\repository\org\apache\logging\log4j\log4j-to-slf4j\2.17.1\log4j-to-slf4j-2.17.1.jar;C:\Users\sherinj\.m2\repository\org\apache\logging\log4j\log4j-api\2.17.1\log4j-api-2.17.1.jar;C:\Users\sherinj\.m2\repository\org\slf4j\jul-to-slf4j\1.7.36\jul-to-slf4j-1.7.36.jar;C:\Users\sherinj\.m2\repository\jakarta\annotation\jakarta.annotation-api\1.3.5\jakarta.annotation-api-1.3.5.jar;C:\Users\sherinj\.m2\repository\org\yaml\snakeyaml\1.29\snakeyaml-1.29.jar;C:\Users\sherinj\.m2\repository\org\mongodb\mongodb-driver-sync\4.4.2\mongodb-driver-sync-4.4.2.jar;C:\Users\sherinj\.m2\repository\org\mongodb\bson\4.4.2\bson-4.4.2.jar;C:\Users\sherinj\.m2\repository\org\mongodb\mongodb-driver-core\4.4.2\mongodb-driver-core-4.4.2.jar;C:\Users\sherinj\.m2\repository\org\springframework\data\spring-data-mongodb\3.3.2\spring-data-mongodb-3.3.2.jar;C:\Users\sherinj\.m2\repository\org\springframework\spring-tx\5.3.16\spring-tx-5.3.16.jar;C:\Users\sherinj\.m2\repository\org\springframework\spring-context\5.3.16\spring-context-5.3.16.jar;C:\Users\sherinj\.m2\repository\org\springframework\spring-beans\5.3.16\spring-beans-5.3.16.jar;C:\Users\sherinj\.m2\repository\org\springframework\spring-expression\5.3.16\spring-expression-5.3.16.jar;C:\Users\sherinj\.m2\repository\org\springframework\data\spring-data-comm
Launcher Type: SUN_STANDARD

[Global flags]
     intx CICompilerCount                          = 4                                         {product} {ergonomic}
     uint ConcGCThreads                            = 2                                         {product} {ergonomic}
     uint G1ConcRefinementThreads                  = 8                                         {product} {ergonomic}
   size_t G1HeapRegionSize                         = 2097152                                   {product} {ergonomic}
    uintx GCDrainStackTargetSize                   = 64                                        {product} {ergonomic}
   size_t InitialHeapSize                          = 264241152                                 {product} {ergonomic}
   size_t MarkStackSize                            = 4194304                                   {product} {ergonomic}
   size_t MaxHeapSize                              = 4213178368                                {product} {ergonomic}
   size_t MaxNewSize                               = 2527068160                                {product} {ergonomic}
   size_t MinHeapDeltaBytes                        = 2097152                                   {product} {ergonomic}
   size_t MinHeapSize                              = 8388608                                   {product} {ergonomic}
    uintx NonNMethodCodeHeapSize                   = 5839372                                {pd product} {ergonomic}
    uintx NonProfiledCodeHeapSize                  = 122909434                              {pd product} {ergonomic}
    uintx ProfiledCodeHeapSize                     = 122909434                              {pd product} {ergonomic}
    uintx ReservedCodeCacheSize                    = 251658240                              {pd product} {ergonomic}
     bool SegmentedCodeCache                       = true                                      {product} {ergonomic}
   size_t SoftMaxHeapSize                          = 4213178368                             {manageable} {ergonomic}
     bool UseCompressedClassPointers               = true                           {product lp64_product} {ergonomic}
     bool UseCompressedOops                        = true                           {product lp64_product} {ergonomic}
     bool UseG1GC                                  = true                                      {product} {ergonomic}
     bool UseLargePagesIndividualAllocation        = false                                  {pd product} {ergonomic}

Logging:
Log output configuration:
 #0: stdout all=warning uptime,level,tags
 #1: stderr all=off uptime,level,tags

Environment Variables:
JAVA_HOME=C:\Program Files\Java\jdk1.8.0_321
PATH=C:\Python310\Scripts\;C:\Python310\;C:\windows\system32;C:\windows;C:\windows\System32\Wbem;C:\windows\System32\WindowsPowerShell\v1.0\;C:\windows\System32\OpenSSH\;C:\Program Files\Git\cmd;C:\Program Files\apache-maven-3.8.4\bin;C:\Program Files\Java\jdk1.8.0_321\bin;C:\Program Files\apache-maven-3.8.4\bin;C:\Program Files\nodejs\;C:\ProgramData\chocolatey\bin;;C:\Program Files\Docker\Docker\resources\bin;C:\ProgramData\DockerDesktop\version-bin;C:\Program Files\MySQL\MySQL Shell 8.0\bin\;C:\Users\sherinj\AppData\Local\Microsoft\WindowsApps;C:\Program Files\JetBrains\IntelliJ IDEA 2021.3.1\bin;;"PATH=C:\Program Files\apache-maven-3.8.4\bin;C:\Python310\Scripts\;C:\Python310\;C:\windows\system32;C:\windows;C:\windows\System32\Wbem;C:\windows\System32\WindowsPowerShell\v1.0\;C:\windows\System32\OpenSSH\;C:\Program Files\Git\cmd;C:\Program Files\apache-maven-3.8.4\bin;C:\Program Files\Java\jdk1.8.0_321\bin;C:\Program Files\apache-maven-3.8.4\bin;C:\Program Files\nodejs\;C:\ProgramData\chocolatey\bin;;C:\Program Files\Docker\Docker\resources\bin;C:\ProgramData\DockerDesktop\version-bin";C:\Program Files\Java\jre1.8.0_321\bin;C:\Program Files\Java\jdk1.8.0_321\bin;;C:\Users\sherinj\AppData\Local\Programs\Microsoft VS Code\bin;C:\Users\sherinj\AppData\Roaming\npm;C:\Program Files\JetBrains\IntelliJ IDEA Community Edition 2021.3.2\bin;
USERNAME=sherinj
OS=Windows_NT
PROCESSOR_IDENTIFIER=Intel64 Family 6 Model 140 Stepping 1, GenuineIntel



---------------  S Y S T E M  ---------------

OS:
 Windows 10 , 64 bit Build 19041 (10.0.19041.1466)
OS uptime: 5 days 23:50 hours
Hyper-V role detected

CPU: total 8 (initial active 8) (4 cores per cpu, 2 threads per core) family 6 model 140 stepping 1 microcode 0x9a, cx8, cmov, fxsr, ht, mmx, 3dnowpref, sse, sse2, sse3, ssse3, sse4.1, sse4.2, popcnt, lzcnt, tsc, tscinvbit, avx, avx2, aes, erms, clmul, bmi1, bmi2, adx, avx512f, avx512dq, avx512cd, avx512bw, avx512vl, sha, fma, vzeroupper, avx512_vpopcntdq, avx512_vpclmulqdq, avx512_vaes, avx512_vnni, clflush, clflushopt, clwb, avx512_vbmi2, avx512_vbmi, hv

Memory: 4k page, system-wide physical 16064M (437M free)
TotalPageFile size 57771M (AvailPageFile size 46M)
current process WorkingSet (physical memory assigned to process): 107M, peak: 107M
current process commit charge ("private bytes"): 379M, peak: 379M

vm_info: OpenJDK 64-Bit Server VM (17.0.2+8-86) for windows-amd64 JRE (17.0.2+8-86), built on Dec  7 2021 21:49:10 by "mach5one" with MS VC++ 16.8 / 16.9 (VS2019)

END.
