2022-04-18 13:24:52.729  INFO 36560 --- [restartedMain] com.example.demo.LikeServiceApplication  : Starting LikeServiceApplication using Java 1.8.0_322 on MAVBNG1121239 with PID 36560 (C:\Users\savitago\Downloads\like-service\target\classes started by savitago in C:\Users\savitago\Downloads\like-service)
2022-04-18 13:24:52.731  INFO 36560 --- [restartedMain] com.example.demo.LikeServiceApplication  : No active profile set, falling back to 1 default profile: "default"
2022-04-18 13:24:53.194  INFO 36560 --- [restartedMain] .s.d.r.c.RepositoryConfigurationDelegate : Bootstrapping Spring Data MongoDB repositories in DEFAULT mode.
2022-04-18 13:24:53.213  INFO 36560 --- [restartedMain] .s.d.r.c.RepositoryConfigurationDelegate : Finished Spring Data repository scanning in 17 ms. Found 1 MongoDB repository interfaces.
2022-04-18 13:24:53.480  INFO 36560 --- [restartedMain] o.s.cloud.context.scope.GenericScope     : BeanFactory id=19a48d4d-e229-3025-ad7e-e28a7d877699
2022-04-18 13:24:54.963  INFO 36560 --- [restartedMain] o.s.b.w.embedded.tomcat.TomcatWebServer  : Tomcat initialized with port(s): 3020 (http)
2022-04-18 13:24:54.965  INFO 36560 --- [restartedMain] o.apache.catalina.core.StandardService   : Starting service [Tomcat]
2022-04-18 13:24:54.966  INFO 36560 --- [restartedMain] org.apache.catalina.core.StandardEngine  : Starting Servlet engine: [Apache Tomcat/9.0.58]
2022-04-18 13:24:55.313  INFO 36560 --- [restartedMain] o.a.c.c.C.[Tomcat].[localhost].[/]       : Initializing Spring embedded WebApplicationContext
2022-04-18 13:24:55.313  INFO 36560 --- [restartedMain] w.s.c.ServletWebServerApplicationContext : Root WebApplicationContext: initialization completed in 2577 ms
2022-04-18 13:24:57.463  INFO 36560 --- [restartedMain] org.mongodb.driver.cluster               : Cluster created with settings {hosts=[localhost:27017], mode=SINGLE, requiredClusterType=UNKNOWN, serverSelectionTimeout='30000 ms'}
2022-04-18 13:24:57.586  INFO 36560 --- [cluster-ClusterId{value='625d1951d7ebd01ab1d595d7', description='null'}-localhost:27017] org.mongodb.driver.connection            : Opened connection [connectionId{localValue:4, serverValue:1461}] to localhost:27017
2022-04-18 13:24:58.035  INFO 36560 --- [cluster-ClusterId{value='625d1951d7ebd01ab1d595d7', description='null'}-localhost:27017] org.mongodb.driver.cluster               : Monitor thread successfully connected to server with description ServerDescription{address=localhost:27017, type=STANDALONE, state=CONNECTED, ok=true, minWireVersion=0, maxWireVersion=13, maxDocumentSize=16777216, logicalSessionTimeoutMinutes=30, roundTripTimeNanos=62557400}
2022-04-18 13:24:58.065  WARN 36560 --- [restartedMain] o.s.data.convert.CustomConversions       : Registering converter from class java.time.LocalDateTime to class org.joda.time.LocalDateTime as reading converter although it doesn't convert from a store-supported type! You might want to check your annotation setup at the converter implementation.
2022-04-18 13:24:58.092  INFO 36560 --- [cluster-rtt-ClusterId{value='625d1951d7ebd01ab1d595d7', description='null'}-localhost:27017] org.mongodb.driver.connection            : Opened connection [connectionId{localValue:5, serverValue:1462}] to localhost:27017
2022-04-18 13:24:58.244  WARN 36560 --- [restartedMain] o.s.b.d.a.OptionalLiveReloadServer       : Unable to start LiveReload server
2022-04-18 13:24:58.291  WARN 36560 --- [restartedMain] o.s.data.convert.CustomConversions       : Registering converter from class java.time.LocalDateTime to class org.joda.time.LocalDateTime as reading converter although it doesn't convert from a store-supported type! You might want to check your annotation setup at the converter implementation.
2022-04-18 13:24:58.456  INFO 36560 --- [restartedMain] o.s.c.openfeign.FeignClientFactoryBean   : For 'post-service' URL not provided. Will try picking an instance via load-balancing.
2022-04-18 13:24:58.700  INFO 36560 --- [restartedMain] o.s.c.openfeign.FeignClientFactoryBean   : For 'user-service' URL not provided. Will try picking an instance via load-balancing.
2022-04-18 13:24:59.334  WARN 36560 --- [restartedMain] c.n.c.sources.URLConfigurationSource     : No URLs will be polled as dynamic configuration sources.
2022-04-18 13:24:59.337  INFO 36560 --- [restartedMain] c.n.c.sources.URLConfigurationSource     : To enable URLs as dynamic configuration sources, define System property archaius.configurationSource.additionalUrls or make config.properties available on classpath.
2022-04-18 13:25:01.284  INFO 36560 --- [restartedMain] DiscoveryClientOptionalArgsConfiguration : Eureka HTTP Client uses RestTemplate.
2022-04-18 13:25:01.896  WARN 36560 --- [restartedMain] iguration$LoadBalancerCaffeineWarnLogger : Spring Cloud LoadBalancer is currently working with the default cache. While this cache implementation is useful for development and tests, it's recommended to use Caffeine cache in production.You can switch to using Caffeine cache, by adding it and org.springframework.cache.caffeine.CaffeineCacheManager to the classpath.
2022-04-18 13:25:01.929  INFO 36560 --- [restartedMain] o.s.c.n.eureka.InstanceInfoFactory       : Setting initial instance status as: STARTING
2022-04-18 13:25:01.935  INFO 36560 --- [restartedMain] com.netflix.discovery.DiscoveryClient    : Initializing Eureka in region us-east-1
2022-04-18 13:25:01.935  INFO 36560 --- [restartedMain] c.n.d.s.r.aws.ConfigClusterResolver      : Resolving eureka endpoints via configuration
2022-04-18 13:25:01.950  INFO 36560 --- [restartedMain] com.netflix.discovery.DiscoveryClient    : Disable delta property : false
2022-04-18 13:25:01.950  INFO 36560 --- [restartedMain] com.netflix.discovery.DiscoveryClient    : Single vip registry refresh property : null
2022-04-18 13:25:01.950  INFO 36560 --- [restartedMain] com.netflix.discovery.DiscoveryClient    : Force full registry fetch : false
2022-04-18 13:25:01.950  INFO 36560 --- [restartedMain] com.netflix.discovery.DiscoveryClient    : Application is null : false
2022-04-18 13:25:01.950  INFO 36560 --- [restartedMain] com.netflix.discovery.DiscoveryClient    : Registered Applications size is zero : true
2022-04-18 13:25:01.950  INFO 36560 --- [restartedMain] com.netflix.discovery.DiscoveryClient    : Application version is -1: true
2022-04-18 13:25:01.951  INFO 36560 --- [restartedMain] com.netflix.discovery.DiscoveryClient    : Getting all instance registry info from the eureka server
2022-04-18 13:25:02.004  INFO 36560 --- [restartedMain] com.netflix.discovery.DiscoveryClient    : The response status is 200
2022-04-18 13:25:02.006  INFO 36560 --- [restartedMain] com.netflix.discovery.DiscoveryClient    : Starting heartbeat executor: renew interval is: 30
2022-04-18 13:25:02.007  INFO 36560 --- [restartedMain] c.n.discovery.InstanceInfoReplicator     : InstanceInfoReplicator onDemand update allowed rate per min is 4
2022-04-18 13:25:02.008  INFO 36560 --- [restartedMain] com.netflix.discovery.DiscoveryClient    : Discovery Client initialized at timestamp 1650268502008 with initial instances count: 4
2022-04-18 13:25:02.012  INFO 36560 --- [restartedMain] o.s.c.n.e.s.EurekaServiceRegistry        : Registering application LIKE-SERVICE with eureka with status UP
2022-04-18 13:25:02.012  INFO 36560 --- [restartedMain] com.netflix.discovery.DiscoveryClient    : Saw local status change event StatusChangeEvent [timestamp=1650268502012, current=UP, previous=STARTING]
2022-04-18 13:25:02.071  INFO 36560 --- [restartedMain] o.s.b.w.embedded.tomcat.TomcatWebServer  : Tomcat started on port(s): 3020 (http) with context path ''
2022-04-18 13:25:02.079  INFO 36560 --- [restartedMain] .s.c.n.e.s.EurekaAutoServiceRegistration : Updating port to 3020
2022-04-18 13:25:02.083  INFO 36560 --- [DiscoveryClient-InstanceInfoReplicator-0] com.netflix.discovery.DiscoveryClient    : DiscoveryClient_LIKE-SERVICE/MAVBNG1121239.mavericsystems.lan:like-service:3020: registering service...
2022-04-18 13:25:02.122  INFO 36560 --- [DiscoveryClient-InstanceInfoReplicator-0] com.netflix.discovery.DiscoveryClient    : DiscoveryClient_LIKE-SERVICE/MAVBNG1121239.mavericsystems.lan:like-service:3020 - registration status: 204
2022-04-18 13:25:03.019  INFO 36560 --- [restartedMain] com.example.demo.LikeServiceApplication  : Started LikeServiceApplication in 11.021 seconds (JVM running for 6781.383)
2022-04-18 13:25:03.029  INFO 36560 --- [Thread-8] o.s.c.n.e.s.EurekaServiceRegistry        : Unregistering application LIKE-SERVICE with eureka with status DOWN
2022-04-18 13:25:03.030  INFO 36560 --- [Thread-8] com.netflix.discovery.DiscoveryClient    : Saw local status change event StatusChangeEvent [timestamp=1650268503030, current=DOWN, previous=UP]
2022-04-18 13:25:03.033  INFO 36560 --- [DiscoveryClient-InstanceInfoReplicator-0] com.netflix.discovery.DiscoveryClient    : DiscoveryClient_LIKE-SERVICE/MAVBNG1121239.mavericsystems.lan:like-service:3020: registering service...
2022-04-18 13:25:03.036  INFO 36560 --- [restartedMain] .ConditionEvaluationDeltaLoggingListener : Condition evaluation unchanged
2022-04-18 13:25:03.038  INFO 36560 --- [DiscoveryClient-InstanceInfoReplicator-0] com.netflix.discovery.DiscoveryClient    : DiscoveryClient_LIKE-SERVICE/MAVBNG1121239.mavericsystems.lan:like-service:3020 - registration status: 204
2022-04-18 13:25:03.580  INFO 36560 --- [Thread-8] com.netflix.discovery.DiscoveryClient    : Shutting down DiscoveryClient ...
2022-04-18 13:25:06.587  INFO 36560 --- [Thread-8] com.netflix.discovery.DiscoveryClient    : Unregistering ...
2022-04-18 13:25:06.599  INFO 36560 --- [Thread-8] com.netflix.discovery.DiscoveryClient    : DiscoveryClient_LIKE-SERVICE/MAVBNG1121239.mavericsystems.lan:like-service:3020 - deregister  status: 200
2022-04-18 13:25:06.605  INFO 36560 --- [Thread-8] com.netflix.discovery.DiscoveryClient    : Completed shut down of DiscoveryClient
2022-04-18 13:25:08.233  INFO 14672 --- [main] c.e.demo.controller.LikeControllerTest   : Starting LikeControllerTest using Java 1.8.0_322 on MAVBNG1121239 with PID 14672 (started by savitago in C:\Users\savitago\Downloads\like-service)
2022-04-18 13:25:08.239  INFO 14672 --- [main] c.e.demo.controller.LikeControllerTest   : No active profile set, falling back to 1 default profile: "default"
2022-04-18 13:25:09.109  INFO 36560 --- [restartedMain] com.example.demo.LikeServiceApplication  : Starting LikeServiceApplication using Java 1.8.0_322 on MAVBNG1121239 with PID 36560 (C:\Users\savitago\Downloads\like-service\target\classes started by savitago in C:\Users\savitago\Downloads\like-service)
2022-04-18 13:25:09.109  INFO 36560 --- [restartedMain] com.example.demo.LikeServiceApplication  : No active profile set, falling back to 1 default profile: "default"
2022-04-18 13:25:09.714  INFO 36560 --- [restartedMain] .s.d.r.c.RepositoryConfigurationDelegate : Bootstrapping Spring Data MongoDB repositories in DEFAULT mode.
2022-04-18 13:25:09.740  INFO 36560 --- [restartedMain] .s.d.r.c.RepositoryConfigurationDelegate : Finished Spring Data repository scanning in 25 ms. Found 1 MongoDB repository interfaces.
2022-04-18 13:25:09.853  INFO 36560 --- [restartedMain] o.s.cloud.context.scope.GenericScope     : BeanFactory id=19a48d4d-e229-3025-ad7e-e28a7d877699
2022-04-18 13:25:10.009  INFO 36560 --- [restartedMain] o.s.b.w.embedded.tomcat.TomcatWebServer  : Tomcat initialized with port(s): 3020 (http)
2022-04-18 13:25:10.010  INFO 36560 --- [restartedMain] o.apache.catalina.core.StandardService   : Starting service [Tomcat]
2022-04-18 13:25:10.010  INFO 36560 --- [restartedMain] org.apache.catalina.core.StandardEngine  : Starting Servlet engine: [Apache Tomcat/9.0.58]
2022-04-18 13:25:10.055  INFO 36560 --- [restartedMain] o.a.c.c.C.[Tomcat].[localhost].[/]       : Initializing Spring embedded WebApplicationContext
2022-04-18 13:25:10.055  INFO 36560 --- [restartedMain] w.s.c.ServletWebServerApplicationContext : Root WebApplicationContext: initialization completed in 941 ms
2022-04-18 13:25:10.087  INFO 36560 --- [restartedMain] org.mongodb.driver.cluster               : Cluster created with settings {hosts=[localhost:27017], mode=SINGLE, requiredClusterType=UNKNOWN, serverSelectionTimeout='30000 ms'}
2022-04-18 13:25:10.112  WARN 36560 --- [restartedMain] o.s.data.convert.CustomConversions       : Registering converter from class java.time.LocalDateTime to class org.joda.time.LocalDateTime as reading converter although it doesn't convert from a store-supported type! You might want to check your annotation setup at the converter implementation.
2022-04-18 13:25:10.114  INFO 36560 --- [cluster-rtt-ClusterId{value='625d195ed7ebd01ab1d595d8', description='null'}-localhost:27017] org.mongodb.driver.connection            : Opened connection [connectionId{localValue:7, serverValue:1464}] to localhost:27017
2022-04-18 13:25:10.114  INFO 36560 --- [cluster-ClusterId{value='625d195ed7ebd01ab1d595d8', description='null'}-localhost:27017] org.mongodb.driver.connection            : Opened connection [connectionId{localValue:6, serverValue:1463}] to localhost:27017
2022-04-18 13:25:10.116  INFO 36560 --- [cluster-ClusterId{value='625d195ed7ebd01ab1d595d8', description='null'}-localhost:27017] org.mongodb.driver.cluster               : Monitor thread successfully connected to server with description ServerDescription{address=localhost:27017, type=STANDALONE, state=CONNECTED, ok=true, minWireVersion=0, maxWireVersion=13, maxDocumentSize=16777216, logicalSessionTimeoutMinutes=30, roundTripTimeNanos=4837900}
2022-04-18 13:25:10.152  WARN 36560 --- [restartedMain] o.s.b.d.a.OptionalLiveReloadServer       : Unable to start LiveReload server
2022-04-18 13:25:10.176  WARN 36560 --- [restartedMain] o.s.data.convert.CustomConversions       : Registering converter from class java.time.LocalDateTime to class org.joda.time.LocalDateTime as reading converter although it doesn't convert from a store-supported type! You might want to check your annotation setup at the converter implementation.
2022-04-18 13:25:10.250  INFO 36560 --- [restartedMain] o.s.c.openfeign.FeignClientFactoryBean   : For 'post-service' URL not provided. Will try picking an instance via load-balancing.
2022-04-18 13:25:10.288  INFO 36560 --- [restartedMain] o.s.c.openfeign.FeignClientFactoryBean   : For 'user-service' URL not provided. Will try picking an instance via load-balancing.
2022-04-18 13:25:10.333  WARN 36560 --- [restartedMain] c.n.c.sources.URLConfigurationSource     : No URLs will be polled as dynamic configuration sources.
2022-04-18 13:25:10.333  INFO 36560 --- [restartedMain] c.n.c.sources.URLConfigurationSource     : To enable URLs as dynamic configuration sources, define System property archaius.configurationSource.additionalUrls or make config.properties available on classpath.
2022-04-18 13:25:11.220  INFO 36560 --- [restartedMain] DiscoveryClientOptionalArgsConfiguration : Eureka HTTP Client uses RestTemplate.
2022-04-18 13:25:11.947  WARN 36560 --- [restartedMain] iguration$LoadBalancerCaffeineWarnLogger : Spring Cloud LoadBalancer is currently working with the default cache. While this cache implementation is useful for development and tests, it's recommended to use Caffeine cache in production.You can switch to using Caffeine cache, by adding it and org.springframework.cache.caffeine.CaffeineCacheManager to the classpath.
2022-04-18 13:25:11.967  INFO 36560 --- [restartedMain] o.s.c.n.eureka.InstanceInfoFactory       : Setting initial instance status as: STARTING
2022-04-18 13:25:11.970  INFO 36560 --- [restartedMain] com.netflix.discovery.DiscoveryClient    : Initializing Eureka in region us-east-1
2022-04-18 13:25:11.970  INFO 36560 --- [restartedMain] c.n.d.s.r.aws.ConfigClusterResolver      : Resolving eureka endpoints via configuration
2022-04-18 13:25:11.972  INFO 36560 --- [restartedMain] com.netflix.discovery.DiscoveryClient    : Disable delta property : false
2022-04-18 13:25:11.972  INFO 36560 --- [restartedMain] com.netflix.discovery.DiscoveryClient    : Single vip registry refresh property : null
2022-04-18 13:25:11.972  INFO 36560 --- [restartedMain] com.netflix.discovery.DiscoveryClient    : Force full registry fetch : false
2022-04-18 13:25:11.972  INFO 36560 --- [restartedMain] com.netflix.discovery.DiscoveryClient    : Application is null : false
2022-04-18 13:25:11.972  INFO 36560 --- [restartedMain] com.netflix.discovery.DiscoveryClient    : Registered Applications size is zero : true
2022-04-18 13:25:11.972  INFO 36560 --- [restartedMain] com.netflix.discovery.DiscoveryClient    : Application version is -1: true
2022-04-18 13:25:11.972  INFO 36560 --- [restartedMain] com.netflix.discovery.DiscoveryClient    : Getting all instance registry info from the eureka server
2022-04-18 13:25:12.001  INFO 36560 --- [restartedMain] com.netflix.discovery.DiscoveryClient    : The response status is 200
2022-04-18 13:25:12.002  INFO 36560 --- [restartedMain] com.netflix.discovery.DiscoveryClient    : Starting heartbeat executor: renew interval is: 30
2022-04-18 13:25:12.003  INFO 36560 --- [restartedMain] c.n.discovery.InstanceInfoReplicator     : InstanceInfoReplicator onDemand update allowed rate per min is 4
2022-04-18 13:25:12.003  INFO 36560 --- [restartedMain] com.netflix.discovery.DiscoveryClient    : Discovery Client initialized at timestamp 1650268512003 with initial instances count: 4
2022-04-18 13:25:12.006  INFO 36560 --- [restartedMain] o.s.c.n.e.s.EurekaServiceRegistry        : Registering application LIKE-SERVICE with eureka with status UP
2022-04-18 13:25:12.006  INFO 36560 --- [restartedMain] com.netflix.discovery.DiscoveryClient    : Saw local status change event StatusChangeEvent [timestamp=1650268512006, current=UP, previous=STARTING]
2022-04-18 13:25:12.012  INFO 36560 --- [restartedMain] o.s.b.w.embedded.tomcat.TomcatWebServer  : Tomcat started on port(s): 3020 (http) with context path ''
2022-04-18 13:25:12.013  INFO 36560 --- [restartedMain] .s.c.n.e.s.EurekaAutoServiceRegistration : Updating port to 3020
2022-04-18 13:25:12.029  INFO 36560 --- [DiscoveryClient-InstanceInfoReplicator-0] com.netflix.discovery.DiscoveryClient    : DiscoveryClient_LIKE-SERVICE/MAVBNG1121239.mavericsystems.lan:like-service:3020: registering service...
2022-04-18 13:25:12.045  INFO 36560 --- [DiscoveryClient-InstanceInfoReplicator-0] com.netflix.discovery.DiscoveryClient    : DiscoveryClient_LIKE-SERVICE/MAVBNG1121239.mavericsystems.lan:like-service:3020 - registration status: 204
2022-04-18 13:25:12.733  INFO 36560 --- [restartedMain] com.example.demo.LikeServiceApplication  : Started LikeServiceApplication in 5.704 seconds (JVM running for 6791.096)
2022-04-18 13:25:12.735  INFO 36560 --- [restartedMain] .ConditionEvaluationDeltaLoggingListener : Condition evaluation unchanged
2022-04-18 13:25:13.102  INFO 14672 --- [main] o.s.b.t.m.w.SpringBootMockServletContext : Initializing Spring TestDispatcherServlet ''
2022-04-18 13:25:13.103  INFO 14672 --- [main] o.s.t.web.servlet.TestDispatcherServlet  : Initializing Servlet ''
2022-04-18 13:25:13.107  INFO 14672 --- [main] o.s.t.web.servlet.TestDispatcherServlet  : Completed initialization in 3 ms
2022-04-18 13:25:13.157  INFO 14672 --- [main] c.e.demo.controller.LikeControllerTest   : Started LikeControllerTest in 9.329 seconds (JVM running for 11.87)
2022-04-18 13:25:13.846  INFO 14672 --- [main] t.a.d.m.DataMongoTestContextBootstrapper : Neither @ContextConfiguration nor @ContextHierarchy found for test class [com.example.demo.repo.LikeRepoTest], using SpringBootContextLoader
2022-04-18 13:25:13.850  INFO 14672 --- [main] o.s.t.c.support.AbstractContextLoader    : Could not detect default resource locations for test class [com.example.demo.repo.LikeRepoTest]: no resource found for suffixes {-context.xml, Context.groovy}.
2022-04-18 13:25:13.850  INFO 14672 --- [main] t.c.s.AnnotationConfigContextLoaderUtils : Could not detect default configuration classes for test class [com.example.demo.repo.LikeRepoTest]: LikeRepoTest does not declare any static, non-private, non-final, nested classes annotated with @Configuration.
2022-04-18 13:25:13.867  INFO 14672 --- [main] .b.t.c.SpringBootTestContextBootstrapper : Found @SpringBootConfiguration com.example.demo.LikeServiceApplication for test class com.example.demo.repo.LikeRepoTest
2022-04-18 13:25:13.869  INFO 14672 --- [main] t.a.d.m.DataMongoTestContextBootstrapper : Loaded default TestExecutionListener class names from location [META-INF/spring.factories]: [org.springframework.boot.test.mock.mockito.MockitoTestExecutionListener, org.springframework.boot.test.mock.mockito.ResetMocksTestExecutionListener, org.springframework.boot.test.autoconfigure.restdocs.RestDocsTestExecutionListener, org.springframework.boot.test.autoconfigure.web.client.MockRestServiceServerResetTestExecutionListener, org.springframework.boot.test.autoconfigure.web.servlet.MockMvcPrintOnlyOnFailureTestExecutionListener, org.springframework.boot.test.autoconfigure.web.servlet.WebDriverTestExecutionListener, org.springframework.boot.test.autoconfigure.webservices.client.MockWebServiceServerTestExecutionListener, org.springframework.test.context.web.ServletTestExecutionListener, org.springframework.test.context.support.DirtiesContextBeforeModesTestExecutionListener, org.springframework.test.context.event.ApplicationEventsTestExecutionListener, org.springframework.test.context.support.DependencyInjectionTestExecutionListener, org.springframework.test.context.support.DirtiesContextTestExecutionListener, org.springframework.test.context.transaction.TransactionalTestExecutionListener, org.springframework.test.context.jdbc.SqlScriptsTestExecutionListener, org.springframework.test.context.event.EventPublishingTestExecutionListener]
2022-04-18 13:25:13.871  INFO 14672 --- [main] t.a.d.m.DataMongoTestContextBootstrapper : Using TestExecutionListeners: [org.springframework.test.context.web.ServletTestExecutionListener@685083ce, org.springframework.test.context.support.DirtiesContextBeforeModesTestExecutionListener@233f4b3a, org.springframework.test.context.event.ApplicationEventsTestExecutionListener@7a4e9801, org.springframework.boot.test.mock.mockito.MockitoTestExecutionListener@11e9e77f, org.springframework.boot.test.autoconfigure.SpringBootDependencyInjectionTestExecutionListener@7dcb587f, org.springframework.test.context.support.DirtiesContextTestExecutionListener@2474aa67, org.springframework.test.context.transaction.TransactionalTestExecutionListener@2a74a078, org.springframework.test.context.jdbc.SqlScriptsTestExecutionListener@74f86856, org.springframework.test.context.event.EventPublishingTestExecutionListener@53d7ce16, org.springframework.boot.test.mock.mockito.ResetMocksTestExecutionListener@52f17199, org.springframework.boot.test.autoconfigure.restdocs.RestDocsTestExecutionListener@5d096cdf, org.springframework.boot.test.autoconfigure.web.client.MockRestServiceServerResetTestExecutionListener@6a0415f0, org.springframework.boot.test.autoconfigure.web.servlet.MockMvcPrintOnlyOnFailureTestExecutionListener@74ec1d8, org.springframework.boot.test.autoconfigure.web.servlet.WebDriverTestExecutionListener@5eea1511, org.springframework.boot.test.autoconfigure.webservices.client.MockWebServiceServerTestExecutionListener@4813e587]
2022-04-18 13:25:14.762  INFO 14672 --- [main] com.example.demo.repo.LikeRepoTest       : Starting LikeRepoTest using Java 1.8.0_322 on MAVBNG1121239 with PID 14672 (started by savitago in C:\Users\savitago\Downloads\like-service)
2022-04-18 13:25:14.762  INFO 14672 --- [main] com.example.demo.repo.LikeRepoTest       : No active profile set, falling back to 1 default profile: "default"
2022-04-18 13:25:15.082  INFO 14672 --- [main] .s.d.r.c.RepositoryConfigurationDelegate : Bootstrapping Spring Data MongoDB repositories in DEFAULT mode.
2022-04-18 13:25:15.175  INFO 14672 --- [main] .s.d.r.c.RepositoryConfigurationDelegate : Finished Spring Data repository scanning in 82 ms. Found 1 MongoDB repository interfaces.
2022-04-18 13:25:15.855  INFO 14672 --- [main] org.mongodb.driver.cluster               : Cluster created with settings {hosts=[localhost:27017], mode=SINGLE, requiredClusterType=UNKNOWN, serverSelectionTimeout='30000 ms'}
2022-04-18 13:25:15.987  INFO 14672 --- [cluster-ClusterId{value='625d19635826781030785ed4', description='null'}-localhost:27017] org.mongodb.driver.connection            : Opened connection [connectionId{localValue:2, serverValue:1465}] to localhost:27017
2022-04-18 13:25:15.987  INFO 14672 --- [cluster-rtt-ClusterId{value='625d19635826781030785ed4', description='null'}-localhost:27017] org.mongodb.driver.connection            : Opened connection [connectionId{localValue:1, serverValue:1466}] to localhost:27017
2022-04-18 13:25:15.990  INFO 14672 --- [cluster-ClusterId{value='625d19635826781030785ed4', description='null'}-localhost:27017] org.mongodb.driver.cluster               : Monitor thread successfully connected to server with description ServerDescription{address=localhost:27017, type=STANDALONE, state=CONNECTED, ok=true, minWireVersion=0, maxWireVersion=13, maxDocumentSize=16777216, logicalSessionTimeoutMinutes=30, roundTripTimeNanos=32424200}
2022-04-18 13:25:16.039  WARN 14672 --- [main] o.s.data.convert.CustomConversions       : Registering converter from class java.time.LocalDateTime to class org.joda.time.LocalDateTime as reading converter although it doesn't convert from a store-supported type! You might want to check your annotation setup at the converter implementation.
2022-04-18 13:25:16.262  WARN 14672 --- [main] o.s.data.convert.CustomConversions       : Registering converter from class java.time.LocalDateTime to class org.joda.time.LocalDateTime as reading converter although it doesn't convert from a store-supported type! You might want to check your annotation setup at the converter implementation.
2022-04-18 13:25:16.477  INFO 14672 --- [main] com.example.demo.repo.LikeRepoTest       : Started LikeRepoTest in 2.599 seconds (JVM running for 15.19)
2022-04-18 13:25:16.643  INFO 14672 --- [main] org.mongodb.driver.connection            : Opened connection [connectionId{localValue:3, serverValue:1467}] to localhost:27017
2022-04-18 13:25:16.856  INFO 14672 --- [main] .b.t.c.SpringBootTestContextBootstrapper : Neither @ContextConfiguration nor @ContextHierarchy found for test class [com.example.demo.service.LikeServiceTest], using SpringBootContextLoader
2022-04-18 13:25:16.858  INFO 14672 --- [main] o.s.t.c.support.AbstractContextLoader    : Could not detect default resource locations for test class [com.example.demo.service.LikeServiceTest]: no resource found for suffixes {-context.xml, Context.groovy}.
2022-04-18 13:25:16.859  INFO 14672 --- [main] t.c.s.AnnotationConfigContextLoaderUtils : Could not detect default configuration classes for test class [com.example.demo.service.LikeServiceTest]: LikeServiceTest does not declare any static, non-private, non-final, nested classes annotated with @Configuration.
2022-04-18 13:25:16.869  INFO 14672 --- [main] .b.t.c.SpringBootTestContextBootstrapper : Found @SpringBootConfiguration com.example.demo.LikeServiceApplication for test class com.example.demo.service.LikeServiceTest
2022-04-18 13:25:16.875  INFO 14672 --- [main] .b.t.c.SpringBootTestContextBootstrapper : Loaded default TestExecutionListener class names from location [META-INF/spring.factories]: [org.springframework.boot.test.mock.mockito.MockitoTestExecutionListener, org.springframework.boot.test.mock.mockito.ResetMocksTestExecutionListener, org.springframework.boot.test.autoconfigure.restdocs.RestDocsTestExecutionListener, org.springframework.boot.test.autoconfigure.web.client.MockRestServiceServerResetTestExecutionListener, org.springframework.boot.test.autoconfigure.web.servlet.MockMvcPrintOnlyOnFailureTestExecutionListener, org.springframework.boot.test.autoconfigure.web.servlet.WebDriverTestExecutionListener, org.springframework.boot.test.autoconfigure.webservices.client.MockWebServiceServerTestExecutionListener, org.springframework.test.context.web.ServletTestExecutionListener, org.springframework.test.context.support.DirtiesContextBeforeModesTestExecutionListener, org.springframework.test.context.event.ApplicationEventsTestExecutionListener, org.springframework.test.context.support.DependencyInjectionTestExecutionListener, org.springframework.test.context.support.DirtiesContextTestExecutionListener, org.springframework.test.context.transaction.TransactionalTestExecutionListener, org.springframework.test.context.jdbc.SqlScriptsTestExecutionListener, org.springframework.test.context.event.EventPublishingTestExecutionListener]
2022-04-18 13:25:16.877  INFO 14672 --- [main] .b.t.c.SpringBootTestContextBootstrapper : Using TestExecutionListeners: [org.springframework.test.context.web.ServletTestExecutionListener@73fab6e6, org.springframework.test.context.support.DirtiesContextBeforeModesTestExecutionListener@64049991, org.springframework.test.context.event.ApplicationEventsTestExecutionListener@9c9fbf4, org.springframework.boot.test.mock.mockito.MockitoTestExecutionListener@4c296f0a, org.springframework.boot.test.autoconfigure.SpringBootDependencyInjectionTestExecutionListener@6a42bdef, org.springframework.test.context.support.DirtiesContextTestExecutionListener@2a4a7927, org.springframework.test.context.transaction.TransactionalTestExecutionListener@6c9a31c1, org.springframework.test.context.jdbc.SqlScriptsTestExecutionListener@6b4c4267, org.springframework.test.context.event.EventPublishingTestExecutionListener@141e2724, org.springframework.boot.test.mock.mockito.ResetMocksTestExecutionListener@6de4f7c1, org.springframework.boot.test.autoconfigure.restdocs.RestDocsTestExecutionListener@50cdc785, org.springframework.boot.test.autoconfigure.web.client.MockRestServiceServerResetTestExecutionListener@599bf881, org.springframework.boot.test.autoconfigure.web.servlet.MockMvcPrintOnlyOnFailureTestExecutionListener@3cd9c391, org.springframework.boot.test.autoconfigure.web.servlet.WebDriverTestExecutionListener@76497134, org.springframework.boot.test.autoconfigure.webservices.client.MockWebServiceServerTestExecutionListener@48066197]
2022-04-18 13:25:17.692  INFO 14672 --- [main] c.example.demo.service.LikeServiceTest   : Starting LikeServiceTest using Java 1.8.0_322 on MAVBNG1121239 with PID 14672 (started by savitago in C:\Users\savitago\Downloads\like-service)
2022-04-18 13:25:17.694  INFO 14672 --- [main] c.example.demo.service.LikeServiceTest   : No active profile set, falling back to 1 default profile: "default"
2022-04-18 13:25:18.222  INFO 14672 --- [main] .s.d.r.c.RepositoryConfigurationDelegate : Bootstrapping Spring Data MongoDB repositories in DEFAULT mode.
2022-04-18 13:25:18.251  INFO 14672 --- [main] .s.d.r.c.RepositoryConfigurationDelegate : Finished Spring Data repository scanning in 28 ms. Found 1 MongoDB repository interfaces.
2022-04-18 13:25:18.532  INFO 14672 --- [main] o.s.cloud.context.scope.GenericScope     : BeanFactory id=70362ce7-acc6-3f86-adeb-2541b4e1abca
2022-04-18 13:25:19.373  INFO 14672 --- [main] org.mongodb.driver.cluster               : Cluster created with settings {hosts=[localhost:27017], mode=SINGLE, requiredClusterType=UNKNOWN, serverSelectionTimeout='30000 ms'}
2022-04-18 13:25:19.384  INFO 14672 --- [cluster-rtt-ClusterId{value='625d19675826781030785ed5', description='null'}-localhost:27017] org.mongodb.driver.connection            : Opened connection [connectionId{localValue:5, serverValue:1468}] to localhost:27017
2022-04-18 13:25:19.387  INFO 14672 --- [cluster-ClusterId{value='625d19675826781030785ed5', description='null'}-localhost:27017] org.mongodb.driver.connection            : Opened connection [connectionId{localValue:4, serverValue:1469}] to localhost:27017
2022-04-18 13:25:19.388  INFO 14672 --- [cluster-ClusterId{value='625d19675826781030785ed5', description='null'}-localhost:27017] org.mongodb.driver.cluster               : Monitor thread successfully connected to server with description ServerDescription{address=localhost:27017, type=STANDALONE, state=CONNECTED, ok=true, minWireVersion=0, maxWireVersion=13, maxDocumentSize=16777216, logicalSessionTimeoutMinutes=30, roundTripTimeNanos=6694600}
2022-04-18 13:25:19.407  WARN 14672 --- [main] o.s.data.convert.CustomConversions       : Registering converter from class java.time.LocalDateTime to class org.joda.time.LocalDateTime as reading converter although it doesn't convert from a store-supported type! You might want to check your annotation setup at the converter implementation.
2022-04-18 13:25:19.558  WARN 14672 --- [main] o.s.data.convert.CustomConversions       : Registering converter from class java.time.LocalDateTime to class org.joda.time.LocalDateTime as reading converter although it doesn't convert from a store-supported type! You might want to check your annotation setup at the converter implementation.
2022-04-18 13:25:19.953  INFO 14672 --- [main] o.s.c.openfeign.FeignClientFactoryBean   : For 'post-service' URL not provided. Will try picking an instance via load-balancing.
2022-04-18 13:25:20.350  WARN 14672 --- [main] c.n.c.sources.URLConfigurationSource     : No URLs will be polled as dynamic configuration sources.
2022-04-18 13:25:20.350  INFO 14672 --- [main] c.n.c.sources.URLConfigurationSource     : To enable URLs as dynamic configuration sources, define System property archaius.configurationSource.additionalUrls or make config.properties available on classpath.
2022-04-18 13:25:20.369  WARN 14672 --- [main] c.n.c.sources.URLConfigurationSource     : No URLs will be polled as dynamic configuration sources.
2022-04-18 13:25:20.369  INFO 14672 --- [main] c.n.c.sources.URLConfigurationSource     : To enable URLs as dynamic configuration sources, define System property archaius.configurationSource.additionalUrls or make config.properties available on classpath.
2022-04-18 13:25:21.934  INFO 14672 --- [main] DiscoveryClientOptionalArgsConfiguration : Eureka HTTP Client uses RestTemplate.
2022-04-18 13:25:23.977  WARN 14672 --- [main] iguration$LoadBalancerCaffeineWarnLogger : Spring Cloud LoadBalancer is currently working with the default cache. While this cache implementation is useful for development and tests, it's recommended to use Caffeine cache in production.You can switch to using Caffeine cache, by adding it and org.springframework.cache.caffeine.CaffeineCacheManager to the classpath.
2022-04-18 13:25:24.066  INFO 14672 --- [main] o.s.c.n.eureka.InstanceInfoFactory       : Setting initial instance status as: STARTING
2022-04-18 13:25:24.248  INFO 14672 --- [main] com.netflix.discovery.DiscoveryClient    : Initializing Eureka in region us-east-1
2022-04-18 13:25:24.260  INFO 14672 --- [main] c.n.d.s.r.aws.ConfigClusterResolver      : Resolving eureka endpoints via configuration
2022-04-18 13:25:24.333  INFO 14672 --- [main] com.netflix.discovery.DiscoveryClient    : Disable delta property : false
2022-04-18 13:25:24.334  INFO 14672 --- [main] com.netflix.discovery.DiscoveryClient    : Single vip registry refresh property : null
2022-04-18 13:25:24.335  INFO 14672 --- [main] com.netflix.discovery.DiscoveryClient    : Force full registry fetch : false
2022-04-18 13:25:24.335  INFO 14672 --- [main] com.netflix.discovery.DiscoveryClient    : Application is null : false
2022-04-18 13:25:24.336  INFO 14672 --- [main] com.netflix.discovery.DiscoveryClient    : Registered Applications size is zero : true
2022-04-18 13:25:24.336  INFO 14672 --- [main] com.netflix.discovery.DiscoveryClient    : Application version is -1: true
2022-04-18 13:25:24.336  INFO 14672 --- [main] com.netflix.discovery.DiscoveryClient    : Getting all instance registry info from the eureka server
2022-04-18 13:25:25.029  INFO 14672 --- [main] com.netflix.discovery.DiscoveryClient    : The response status is 200
2022-04-18 13:25:25.037  INFO 14672 --- [main] com.netflix.discovery.DiscoveryClient    : Starting heartbeat executor: renew interval is: 30
2022-04-18 13:25:25.045  INFO 14672 --- [main] c.n.discovery.InstanceInfoReplicator     : InstanceInfoReplicator onDemand update allowed rate per min is 4
2022-04-18 13:25:25.052  INFO 14672 --- [main] com.netflix.discovery.DiscoveryClient    : Discovery Client initialized at timestamp 1650268525051 with initial instances count: 5
2022-04-18 13:25:25.066  INFO 14672 --- [main] o.s.c.n.e.s.EurekaServiceRegistry        : Registering application LIKE-SERVICE with eureka with status UP
2022-04-18 13:25:25.066  INFO 14672 --- [main] com.netflix.discovery.DiscoveryClient    : Saw local status change event StatusChangeEvent [timestamp=1650268525066, current=UP, previous=STARTING]
2022-04-18 13:25:25.071  INFO 14672 --- [DiscoveryClient-InstanceInfoReplicator-0] com.netflix.discovery.DiscoveryClient    : DiscoveryClient_LIKE-SERVICE/MAVBNG1121239.mavericsystems.lan:like-service:3020: registering service...
2022-04-18 13:25:25.086  INFO 14672 --- [main] c.example.demo.service.LikeServiceTest   : Started LikeServiceTest in 8.206 seconds (JVM running for 23.8)
2022-04-18 13:25:25.128  INFO 14672 --- [DiscoveryClient-InstanceInfoReplicator-0] com.netflix.discovery.DiscoveryClient    : DiscoveryClient_LIKE-SERVICE/MAVBNG1121239.mavericsystems.lan:like-service:3020 - registration status: 204
2022-04-18 13:25:26.265  INFO 14672 --- [SpringApplicationShutdownHook] o.s.c.n.e.s.EurekaServiceRegistry        : Unregistering application LIKE-SERVICE with eureka with status DOWN
2022-04-18 13:25:26.265  INFO 14672 --- [SpringApplicationShutdownHook] com.netflix.discovery.DiscoveryClient    : Saw local status change event StatusChangeEvent [timestamp=1650268526265, current=DOWN, previous=UP]
2022-04-18 13:25:26.266  INFO 14672 --- [DiscoveryClient-InstanceInfoReplicator-0] com.netflix.discovery.DiscoveryClient    : DiscoveryClient_LIKE-SERVICE/MAVBNG1121239.mavericsystems.lan:like-service:3020: registering service...
2022-04-18 13:25:26.270  INFO 14672 --- [DiscoveryClient-InstanceInfoReplicator-0] com.netflix.discovery.DiscoveryClient    : DiscoveryClient_LIKE-SERVICE/MAVBNG1121239.mavericsystems.lan:like-service:3020 - registration status: 204
2022-04-18 13:25:26.275  INFO 14672 --- [SpringApplicationShutdownHook] com.netflix.discovery.DiscoveryClient    : Shutting down DiscoveryClient ...
2022-04-18 13:25:29.283  INFO 14672 --- [SpringApplicationShutdownHook] com.netflix.discovery.DiscoveryClient    : Unregistering ...
2022-04-18 13:25:29.298  INFO 14672 --- [SpringApplicationShutdownHook] com.netflix.discovery.DiscoveryClient    : DiscoveryClient_LIKE-SERVICE/MAVBNG1121239.mavericsystems.lan:like-service:3020 - deregister  status: 200
2022-04-18 13:25:29.309  INFO 14672 --- [SpringApplicationShutdownHook] com.netflix.discovery.DiscoveryClient    : Completed shut down of DiscoveryClient
2022-04-18 13:25:42.023  INFO 36560 --- [DiscoveryClient-HeartbeatExecutor-0] com.netflix.discovery.DiscoveryClient    : DiscoveryClient_LIKE-SERVICE/MAVBNG1121239.mavericsystems.lan:like-service:3020 - Re-registering apps/LIKE-SERVICE
2022-04-18 13:25:42.024  INFO 36560 --- [DiscoveryClient-HeartbeatExecutor-0] com.netflix.discovery.DiscoveryClient    : DiscoveryClient_LIKE-SERVICE/MAVBNG1121239.mavericsystems.lan:like-service:3020: registering service...
2022-04-18 13:25:42.028  INFO 36560 --- [DiscoveryClient-HeartbeatExecutor-0] com.netflix.discovery.DiscoveryClient    : DiscoveryClient_LIKE-SERVICE/MAVBNG1121239.mavericsystems.lan:like-service:3020 - registration status: 204
2022-04-18 13:26:41.824  INFO 36560 --- [http-nio-3020-exec-10] o.a.c.c.C.[Tomcat].[localhost].[/]       : Initializing Spring DispatcherServlet 'dispatcherServlet'
2022-04-18 13:26:41.825  INFO 36560 --- [http-nio-3020-exec-10] o.s.web.servlet.DispatcherServlet        : Initializing Servlet 'dispatcherServlet'
2022-04-18 13:26:41.826  INFO 36560 --- [http-nio-3020-exec-10] o.s.web.servlet.DispatcherServlet        : Completed initialization in 1 ms
2022-04-18 13:26:41.835  INFO 36560 --- [http-nio-3020-exec-10] org.mongodb.driver.connection            : Opened connection [connectionId{localValue:8, serverValue:1475}] to localhost:27017
2022-04-18 13:27:08.682  INFO 36560 --- [SpringApplicationShutdownHook] o.s.c.n.e.s.EurekaServiceRegistry        : Unregistering application LIKE-SERVICE with eureka with status DOWN
2022-04-18 13:27:08.683  INFO 36560 --- [SpringApplicationShutdownHook] com.netflix.discovery.DiscoveryClient    : Saw local status change event StatusChangeEvent [timestamp=1650268628683, current=DOWN, previous=UP]
2022-04-18 13:27:08.683  INFO 36560 --- [DiscoveryClient-InstanceInfoReplicator-0] com.netflix.discovery.DiscoveryClient    : DiscoveryClient_LIKE-SERVICE/MAVBNG1121239.mavericsystems.lan:like-service:3020: registering service...
2022-04-18 13:27:08.696  INFO 36560 --- [DiscoveryClient-InstanceInfoReplicator-0] com.netflix.discovery.DiscoveryClient    : DiscoveryClient_LIKE-SERVICE/MAVBNG1121239.mavericsystems.lan:like-service:3020 - registration status: 204
2022-04-18 13:27:08.922  INFO 36560 --- [SpringApplicationShutdownHook] com.netflix.discovery.DiscoveryClient    : Shutting down DiscoveryClient ...
2022-04-18 13:27:11.939  INFO 36560 --- [SpringApplicationShutdownHook] com.netflix.discovery.DiscoveryClient    : Unregistering ...
2022-04-18 13:27:11.952  INFO 36560 --- [SpringApplicationShutdownHook] com.netflix.discovery.DiscoveryClient    : DiscoveryClient_LIKE-SERVICE/MAVBNG1121239.mavericsystems.lan:like-service:3020 - deregister  status: 200
2022-04-18 13:27:11.965  INFO 36560 --- [SpringApplicationShutdownHook] com.netflix.discovery.DiscoveryClient    : Completed shut down of DiscoveryClient
2022-04-18 13:27:20.790  INFO 32544 --- [restartedMain] com.example.demo.LikeServiceApplication  : Starting LikeServiceApplication using Java 1.8.0_322 on MAVBNG1121239 with PID 32544 (C:\Users\savitago\Downloads\like-service\target\classes started by savitago in C:\Users\savitago\Downloads\like-service)
2022-04-18 13:27:20.792  INFO 32544 --- [restartedMain] com.example.demo.LikeServiceApplication  : No active profile set, falling back to 1 default profile: "default"
2022-04-18 13:27:20.861  INFO 32544 --- [restartedMain] .e.DevToolsPropertyDefaultsPostProcessor : Devtools property defaults active! Set 'spring.devtools.add-properties' to 'false' to disable
2022-04-18 13:27:20.862  INFO 32544 --- [restartedMain] .e.DevToolsPropertyDefaultsPostProcessor : For additional web related logging consider setting the 'logging.level.web' property to 'DEBUG'
2022-04-18 13:27:21.692  INFO 32544 --- [restartedMain] .s.d.r.c.RepositoryConfigurationDelegate : Bootstrapping Spring Data MongoDB repositories in DEFAULT mode.
2022-04-18 13:27:21.841  INFO 32544 --- [restartedMain] .s.d.r.c.RepositoryConfigurationDelegate : Finished Spring Data repository scanning in 145 ms. Found 1 MongoDB repository interfaces.
2022-04-18 13:27:22.089  INFO 32544 --- [restartedMain] o.s.cloud.context.scope.GenericScope     : BeanFactory id=19a48d4d-e229-3025-ad7e-e28a7d877699
2022-04-18 13:27:23.091  INFO 32544 --- [restartedMain] o.s.b.w.embedded.tomcat.TomcatWebServer  : Tomcat initialized with port(s): 3020 (http)
2022-04-18 13:27:23.100  INFO 32544 --- [restartedMain] o.apache.catalina.core.StandardService   : Starting service [Tomcat]
2022-04-18 13:27:23.100  INFO 32544 --- [restartedMain] org.apache.catalina.core.StandardEngine  : Starting Servlet engine: [Apache Tomcat/9.0.58]
2022-04-18 13:27:23.209  INFO 32544 --- [restartedMain] o.a.c.c.C.[Tomcat].[localhost].[/]       : Initializing Spring embedded WebApplicationContext
2022-04-18 13:27:23.209  INFO 32544 --- [restartedMain] w.s.c.ServletWebServerApplicationContext : Root WebApplicationContext: initialization completed in 2347 ms
2022-04-18 13:27:23.370  INFO 32544 --- [restartedMain] org.mongodb.driver.cluster               : Cluster created with settings {hosts=[localhost:27017], mode=SINGLE, requiredClusterType=UNKNOWN, serverSelectionTimeout='30000 ms'}
2022-04-18 13:27:23.435  INFO 32544 --- [cluster-rtt-ClusterId{value='625d19e33e8aef491c3a466d', description='null'}-localhost:27017] org.mongodb.driver.connection            : Opened connection [connectionId{localValue:2, serverValue:1477}] to localhost:27017
2022-04-18 13:27:23.435  INFO 32544 --- [cluster-ClusterId{value='625d19e33e8aef491c3a466d', description='null'}-localhost:27017] org.mongodb.driver.connection            : Opened connection [connectionId{localValue:1, serverValue:1476}] to localhost:27017
2022-04-18 13:27:23.436  INFO 32544 --- [cluster-ClusterId{value='625d19e33e8aef491c3a466d', description='null'}-localhost:27017] org.mongodb.driver.cluster               : Monitor thread successfully connected to server with description ServerDescription{address=localhost:27017, type=STANDALONE, state=CONNECTED, ok=true, minWireVersion=0, maxWireVersion=13, maxDocumentSize=16777216, logicalSessionTimeoutMinutes=30, roundTripTimeNanos=23494400}
2022-04-18 13:27:23.483  WARN 32544 --- [restartedMain] o.s.data.convert.CustomConversions       : Registering converter from class java.time.LocalDateTime to class org.joda.time.LocalDateTime as reading converter although it doesn't convert from a store-supported type! You might want to check your annotation setup at the converter implementation.
2022-04-18 13:27:23.568  WARN 32544 --- [restartedMain] o.s.b.d.a.OptionalLiveReloadServer       : Unable to start LiveReload server
2022-04-18 13:27:23.635  WARN 32544 --- [restartedMain] o.s.data.convert.CustomConversions       : Registering converter from class java.time.LocalDateTime to class org.joda.time.LocalDateTime as reading converter although it doesn't convert from a store-supported type! You might want to check your annotation setup at the converter implementation.
2022-04-18 13:27:23.899  INFO 32544 --- [restartedMain] o.s.c.openfeign.FeignClientFactoryBean   : For 'post-service' URL not provided. Will try picking an instance via load-balancing.
2022-04-18 13:27:23.972  INFO 32544 --- [restartedMain] o.s.c.openfeign.FeignClientFactoryBean   : For 'user-service' URL not provided. Will try picking an instance via load-balancing.
2022-04-18 13:27:24.114  WARN 32544 --- [restartedMain] c.n.c.sources.URLConfigurationSource     : No URLs will be polled as dynamic configuration sources.
2022-04-18 13:27:24.114  INFO 32544 --- [restartedMain] c.n.c.sources.URLConfigurationSource     : To enable URLs as dynamic configuration sources, define System property archaius.configurationSource.additionalUrls or make config.properties available on classpath.
2022-04-18 13:27:24.119  WARN 32544 --- [restartedMain] c.n.c.sources.URLConfigurationSource     : No URLs will be polled as dynamic configuration sources.
2022-04-18 13:27:24.119  INFO 32544 --- [restartedMain] c.n.c.sources.URLConfigurationSource     : To enable URLs as dynamic configuration sources, define System property archaius.configurationSource.additionalUrls or make config.properties available on classpath.
2022-04-18 13:27:25.323  INFO 32544 --- [restartedMain] DiscoveryClientOptionalArgsConfiguration : Eureka HTTP Client uses RestTemplate.
2022-04-18 13:27:25.934  WARN 32544 --- [restartedMain] iguration$LoadBalancerCaffeineWarnLogger : Spring Cloud LoadBalancer is currently working with the default cache. While this cache implementation is useful for development and tests, it's recommended to use Caffeine cache in production.You can switch to using Caffeine cache, by adding it and org.springframework.cache.caffeine.CaffeineCacheManager to the classpath.
2022-04-18 13:27:25.980  INFO 32544 --- [restartedMain] o.s.c.n.eureka.InstanceInfoFactory       : Setting initial instance status as: STARTING
2022-04-18 13:27:26.074  INFO 32544 --- [restartedMain] com.netflix.discovery.DiscoveryClient    : Initializing Eureka in region us-east-1
2022-04-18 13:27:26.081  INFO 32544 --- [restartedMain] c.n.d.s.r.aws.ConfigClusterResolver      : Resolving eureka endpoints via configuration
2022-04-18 13:27:26.113  INFO 32544 --- [restartedMain] com.netflix.discovery.DiscoveryClient    : Disable delta property : false
2022-04-18 13:27:26.113  INFO 32544 --- [restartedMain] com.netflix.discovery.DiscoveryClient    : Single vip registry refresh property : null
2022-04-18 13:27:26.113  INFO 32544 --- [restartedMain] com.netflix.discovery.DiscoveryClient    : Force full registry fetch : false
2022-04-18 13:27:26.113  INFO 32544 --- [restartedMain] com.netflix.discovery.DiscoveryClient    : Application is null : false
2022-04-18 13:27:26.113  INFO 32544 --- [restartedMain] com.netflix.discovery.DiscoveryClient    : Registered Applications size is zero : true
2022-04-18 13:27:26.113  INFO 32544 --- [restartedMain] com.netflix.discovery.DiscoveryClient    : Application version is -1: true
2022-04-18 13:27:26.114  INFO 32544 --- [restartedMain] com.netflix.discovery.DiscoveryClient    : Getting all instance registry info from the eureka server
2022-04-18 13:27:26.647  INFO 32544 --- [restartedMain] com.netflix.discovery.DiscoveryClient    : The response status is 200
2022-04-18 13:27:26.649  INFO 32544 --- [restartedMain] com.netflix.discovery.DiscoveryClient    : Starting heartbeat executor: renew interval is: 30
2022-04-18 13:27:26.652  INFO 32544 --- [restartedMain] c.n.discovery.InstanceInfoReplicator     : InstanceInfoReplicator onDemand update allowed rate per min is 4
2022-04-18 13:27:26.656  INFO 32544 --- [restartedMain] com.netflix.discovery.DiscoveryClient    : Discovery Client initialized at timestamp 1650268646655 with initial instances count: 4
2022-04-18 13:27:26.659  INFO 32544 --- [restartedMain] o.s.c.n.e.s.EurekaServiceRegistry        : Registering application LIKE-SERVICE with eureka with status UP
2022-04-18 13:27:26.660  INFO 32544 --- [restartedMain] com.netflix.discovery.DiscoveryClient    : Saw local status change event StatusChangeEvent [timestamp=1650268646660, current=UP, previous=STARTING]
2022-04-18 13:27:26.662  INFO 32544 --- [DiscoveryClient-InstanceInfoReplicator-0] com.netflix.discovery.DiscoveryClient    : DiscoveryClient_LIKE-SERVICE/MAVBNG1121239.mavericsystems.lan:like-service:3020: registering service...
2022-04-18 13:27:26.687  INFO 32544 --- [restartedMain] o.s.b.w.embedded.tomcat.TomcatWebServer  : Tomcat started on port(s): 3020 (http) with context path ''
2022-04-18 13:27:26.688  INFO 32544 --- [restartedMain] .s.c.n.e.s.EurekaAutoServiceRegistration : Updating port to 3020
2022-04-18 13:27:26.711  INFO 32544 --- [DiscoveryClient-InstanceInfoReplicator-0] com.netflix.discovery.DiscoveryClient    : DiscoveryClient_LIKE-SERVICE/MAVBNG1121239.mavericsystems.lan:like-service:3020 - registration status: 204
2022-04-18 13:27:27.089  INFO 32544 --- [restartedMain] com.example.demo.LikeServiceApplication  : Started LikeServiceApplication in 7.301 seconds (JVM running for 7.906)
2022-04-18 13:28:42.844  INFO 32544 --- [http-nio-3020-exec-1] o.a.c.c.C.[Tomcat].[localhost].[/]       : Initializing Spring DispatcherServlet 'dispatcherServlet'
2022-04-18 13:28:42.845  INFO 32544 --- [http-nio-3020-exec-1] o.s.web.servlet.DispatcherServlet        : Initializing Servlet 'dispatcherServlet'
2022-04-18 13:28:42.847  INFO 32544 --- [http-nio-3020-exec-1] o.s.web.servlet.DispatcherServlet        : Completed initialization in 2 ms
2022-04-18 13:28:42.947  INFO 32544 --- [http-nio-3020-exec-1] org.mongodb.driver.connection            : Opened connection [connectionId{localValue:3, serverValue:1478}] to localhost:27017
2022-04-18 13:32:26.131  INFO 32544 --- [AsyncResolver-bootstrap-executor-0] c.n.d.s.r.aws.ConfigClusterResolver      : Resolving eureka endpoints via configuration
2022-04-18 13:32:49.380  INFO 32544 --- [http-nio-3020-exec-7] c.e.demo.config.FeignClientRetryer       : Feign retry attempt
2022-04-18 13:32:56.943  INFO 32544 --- [http-nio-3020-exec-8] c.e.demo.config.FeignClientRetryer       : Feign retry attempt
2022-04-18 13:37:26.142  INFO 32544 --- [AsyncResolver-bootstrap-executor-0] c.n.d.s.r.aws.ConfigClusterResolver      : Resolving eureka endpoints via configuration
2022-04-18 13:42:26.152  INFO 32544 --- [AsyncResolver-bootstrap-executor-0] c.n.d.s.r.aws.ConfigClusterResolver      : Resolving eureka endpoints via configuration
2022-04-18 13:47:26.159  INFO 32544 --- [AsyncResolver-bootstrap-executor-0] c.n.d.s.r.aws.ConfigClusterResolver      : Resolving eureka endpoints via configuration
2022-04-18 13:52:26.162  INFO 32544 --- [AsyncResolver-bootstrap-executor-0] c.n.d.s.r.aws.ConfigClusterResolver      : Resolving eureka endpoints via configuration
2022-04-18 13:57:26.165  INFO 32544 --- [AsyncResolver-bootstrap-executor-0] c.n.d.s.r.aws.ConfigClusterResolver      : Resolving eureka endpoints via configuration
2022-04-18 14:02:26.169  INFO 32544 --- [AsyncResolver-bootstrap-executor-0] c.n.d.s.r.aws.ConfigClusterResolver      : Resolving eureka endpoints via configuration
2022-04-18 14:07:26.183  INFO 32544 --- [AsyncResolver-bootstrap-executor-0] c.n.d.s.r.aws.ConfigClusterResolver      : Resolving eureka endpoints via configuration
2022-04-18 14:12:26.189  INFO 32544 --- [AsyncResolver-bootstrap-executor-0] c.n.d.s.r.aws.ConfigClusterResolver      : Resolving eureka endpoints via configuration
2022-04-18 14:17:26.196  INFO 32544 --- [AsyncResolver-bootstrap-executor-0] c.n.d.s.r.aws.ConfigClusterResolver      : Resolving eureka endpoints via configuration
2022-04-18 14:22:26.203  INFO 32544 --- [AsyncResolver-bootstrap-executor-0] c.n.d.s.r.aws.ConfigClusterResolver      : Resolving eureka endpoints via configuration
2022-04-18 14:27:26.205  INFO 32544 --- [AsyncResolver-bootstrap-executor-0] c.n.d.s.r.aws.ConfigClusterResolver      : Resolving eureka endpoints via configuration
2022-04-18 14:32:26.209  INFO 32544 --- [AsyncResolver-bootstrap-executor-0] c.n.d.s.r.aws.ConfigClusterResolver      : Resolving eureka endpoints via configuration
2022-04-18 14:37:26.212  INFO 32544 --- [AsyncResolver-bootstrap-executor-0] c.n.d.s.r.aws.ConfigClusterResolver      : Resolving eureka endpoints via configuration
2022-04-18 14:42:26.219  INFO 32544 --- [AsyncResolver-bootstrap-executor-0] c.n.d.s.r.aws.ConfigClusterResolver      : Resolving eureka endpoints via configuration
2022-04-18 14:47:26.222  INFO 32544 --- [AsyncResolver-bootstrap-executor-0] c.n.d.s.r.aws.ConfigClusterResolver      : Resolving eureka endpoints via configuration
2022-04-18 14:51:58.318  INFO 32544 --- [SpringApplicationShutdownHook] o.s.c.n.e.s.EurekaServiceRegistry        : Unregistering application LIKE-SERVICE with eureka with status DOWN
2022-04-18 14:51:58.318  INFO 32544 --- [SpringApplicationShutdownHook] com.netflix.discovery.DiscoveryClient    : Saw local status change event StatusChangeEvent [timestamp=1650273718318, current=DOWN, previous=UP]
2022-04-18 14:51:58.319  INFO 32544 --- [DiscoveryClient-InstanceInfoReplicator-0] com.netflix.discovery.DiscoveryClient    : DiscoveryClient_LIKE-SERVICE/MAVBNG1121239.mavericsystems.lan:like-service:3020: registering service...
2022-04-18 14:51:58.337  INFO 32544 --- [DiscoveryClient-InstanceInfoReplicator-0] com.netflix.discovery.DiscoveryClient    : DiscoveryClient_LIKE-SERVICE/MAVBNG1121239.mavericsystems.lan:like-service:3020 - registration status: 204
2022-04-18 14:51:58.600  WARN 32544 --- [SpringApplicationShutdownHook] c.n.c.sources.URLConfigurationSource     : No URLs will be polled as dynamic configuration sources.
2022-04-18 14:51:58.601  INFO 32544 --- [SpringApplicationShutdownHook] c.n.c.sources.URLConfigurationSource     : To enable URLs as dynamic configuration sources, define System property archaius.configurationSource.additionalUrls or make config.properties available on classpath.
2022-04-18 14:51:58.620  INFO 32544 --- [SpringApplicationShutdownHook] com.netflix.discovery.DiscoveryClient    : Shutting down DiscoveryClient ...
2022-04-18 14:52:01.623  WARN 32544 --- [DiscoveryClient-0] c.netflix.discovery.TimedSupervisorTask  : task supervisor shutting down, can't accept the task
2022-04-18 14:52:01.624  INFO 32544 --- [SpringApplicationShutdownHook] com.netflix.discovery.DiscoveryClient    : Unregistering ...
2022-04-18 14:52:01.627  INFO 32544 --- [SpringApplicationShutdownHook] com.netflix.discovery.DiscoveryClient    : DiscoveryClient_LIKE-SERVICE/MAVBNG1121239.mavericsystems.lan:like-service:3020 - deregister  status: 200
2022-04-18 14:52:01.633  INFO 32544 --- [SpringApplicationShutdownHook] com.netflix.discovery.DiscoveryClient    : Completed shut down of DiscoveryClient
